gpasm-0.13.7 beta               hostbus.asm 2-25-2010  00:38:49          PAGE  1


LOC  OBJECT CODE     LINE SOURCE TEXT
  VALUE
 
               00001 ;------------------------------------------------------------------------------
               00002 ;
               00003 ; hostbus.asm - PS/2 Keyboard driver and buffer firmware - Z80 bus interfacing
               00004 ;               routines for Z80 project Mark 2
               00005 ; File Version 1.0 - 23 Feb 2010
               00006 ; hairymnstr@gmail.com
               00007 ;
               00008 ; Copyright (C) 2010  Nathan Dumont
               00009 ;
               00010 ; This program is free software: you can redistribute it and/or modify
               00011 ; it under the terms of the GNU General Public License as published by
               00012 ; the Free Software Foundation, either version 3 of the License, or
               00013 ; (at your option) any later version.
               00014 ;
               00015 ; This program is distributed in the hope that it will be useful,
               00016 ; but WITHOUT ANY WARRANTY; without even the implied warranty of
               00017 ; MERCHANTABILITY or FITNESS FOR A PARTICULAR PURPOSE.  See the
               00018 ; GNU General Public License for more details.
               00019 ;
               00020 ; You should have received a copy of the GNU General Public License
               00021 ; along with this program.  If not, see <http://www.gnu.org/licenses/>.
               00022 ;
               00023 ;------------------------------------------------------------------------------
               00024 
               00025 list p=18f4520
               00026 include <p18f4520.inc>
               00001         LIST
               00002 
               00003 ;==========================================================================
               00004 ;  MPASM PIC18F4520 processor include
               00005 ; 
               00006 ;  (c) Copyright 1999-2007 Microchip Technology, All rights reserved
               00007 ;==========================================================================
               00008 
               01336         LIST
               00027 include <portpins.inc>
               00001 ;== PORT Definitions ==========================================================
               00002 
               00003 ;-- PORT A --------------------------------------------------------------------
               00004 
  00000000     00005 P_READY         EQU     0
  00000001     00006 P_FOUND         EQU     1
  00000005     00007 P_INT           EQU     5
               00008 
  00000023     00009 PORTADEF        EQU     b'00100011'
  000000DC     00010 PORTADIR        EQU     b'11011100'
               00011 
               00012 ;-- PORT B --------------------------------------------------------------------
               00013 
  00000000     00014 PORTBDEF        EQU     b'00000000'
  0000007F     00015 PORTBDIR        EQU     b'01111111'
               00016 
               00017 ;-- PORT C --------------------------------------------------------------------
               00018 
gpasm-0.13.7 beta               hostbus.asm 2-25-2010  00:38:49          PAGE  2


LOC  OBJECT CODE     LINE SOURCE TEXT
  VALUE
 
  00000006     00019 P_TX            EQU     6
  00000007     00020 P_RX            EQU     7
               00021 
  00000000     00022 PORTCDEF        EQU     b'00000000'
  000000FF     00023 PORTCDIR        EQU     b'11111111'
               00024 
               00025 ;-- PORT E --------------------------------------------------------------------
               00026 
  00000000     00027 P_RD            EQU     0
  00000001     00028 P_WR            EQU     1
  00000002     00029 P_CS            EQU     2
               00030 
  00000017     00031 PORTEDIR        EQU     b'00010111'
  00000000     00032 PORTEDEF        EQU     b'00000000'
               00033 
               00034 ;-- ADC PINS -------------------------------------------------------------------
               00035 
  0000000F     00036 ADCONDEF        EQU     b'00001111'
               00037 
               00038 ;== FLAG BIT DEFINITIONS =======================================================
               00039 
               00040 ; flags
  00000000     00041 scroll_flag             equ     0
  00000001     00042 num_flag                equ     1
  00000002     00043 caps_flag               equ     2
  00000003     00044 shift_flag              equ     3
  00000004     00045 release_flag            equ     4
  00000005     00046 talking_flag            equ     5
  00000006     00047 send_failed_flag        equ     6
  00000007     00048 special_flag            equ     7
               00049 
               00050 ; txflags
  00000000     00051 ack_flag                equ     0
  00000001     00052 resend_flag             equ     1
  00000002     00053 pause_flag              equ     2
  00000003     00054 send_release_flag       equ     3
  00000004     00028 
               00029 ;-- Externals from ps2.asm -----------------------------------------------------
               00030 
               00031     EXTERN      ps2_queue_send
               00032 
               00033     EXTERN      flags
               00034     EXTERN      txflags
               00035 
               00036 ;-- Externals from translation.asm ---------------------------------------------
               00037 
               00038     EXTERN      translation_mode
               00039 
               00040     UDATA
               00041 
               00042 hostbus_buffer          res     1    ; stores commands from Z80 while processing
               00043 high_jump               res     1    ; high byte of jump address
               00044 low_jump                res     1    ; low byte of jump address
               00045 
gpasm-0.13.7 beta               hostbus.asm 2-25-2010  00:38:49          PAGE  3


LOC  OBJECT CODE     LINE SOURCE TEXT
  VALUE
 
               00046     CODE
               00047 
               00048 ;===============================================================================
               00049 ; hostbus_init - Setup the PSP and enable relevant interrupts
               00050 ;===============================================================================
               00051 
               00052 ;; Called at boot time, sets the port directions and interrupts for running the
               00053 ;; parallel slave port and interrupt outputs.
               00054 
0000 00055 hostbus_init
               00056   ; setup the pointers, INDF0 is write pointer, INDF1 is read, make a looping
               00057   ; 256 byte fifo
0000 0E01      00058   movlw         0x01
0002 6EEA      00059   movwf         FSR0H
0004 6EE2      00060   movwf         FSR1H
0006 6AE9      00061   clrf          FSR0L
0008 6AE1      00062   clrf          FSR1L
               00063 
               00064   ; clear the PSPIF flag if it's set then enable the interrupt
000A 9E9E      00065   bcf           PIR1, PSPIF
000C 8E9D      00066   bsf           PIE1, PSPIE
000E 0012      00067   return
               00068 
               00069 ;===============================================================================
               00070 ; hostbus_int - Interrupt service routine for the PSP module
               00071 ;===============================================================================
               00072 
               00073 ;; Called when PSPIF triggers an interrupt.  Deals with commands from the Z80
               00074 ;; and keeping the output buffer loaded with the latest queued byte from the
               00075 ;; FIFO.
               00076 
0010 00077 hostbus_int
               00078   ; test to see if the Z80 read or wrote, if write IBF will be set (OBF might
               00079   ; be low but could just mean we don't have anything to send)
0010 BE96      00080   btfsc         TRISE, IBF
0012 D000      00081   bra           hostbus_int_write       ; IBF set, so Z80 wrote a byte
               00082   ; otherwise Z80 read a byte
0014 00083 hostbus_int_read
               00084   ; a byte has been read by the Z80
               00085   ; see if there is a new byte and load that into the buffer
               00086   ; first clear the interrupt so that the Z80 doesn't come back immediately
0014 8A89      00087   bsf           LATA, P_INT
               00088 
0016 9E9E      00089   bcf           PIR1, PSPIF             ; clear the internal interrupt flag
0018 50E9      00090   movf          FSR0L,w
001A 18E1      00091   xorwf         FSR1L,w
001C B4D8      00092   btfsc         STATUS, Z               ; if low bytes of fifo write and read
001E 0012      00093   return                                ; match, there's no new data
               00094   ; if not then there's more data for the Z80
0020 50E6      00095   movf          POSTINC1,w              ; get the byte from the read pointer
0022 6E83      00096   movwf         PORTD                   ; put it in the buffer for the next read
0024 0E01      00097   movlw         0x01
0026 6EE2      00098   movwf         FSR1H                   ; make sure we don't overflow the buffer
0028 9A89      00099   bcf           LATA, P_INT             ; set the interrupt again
gpasm-0.13.7 beta               hostbus.asm 2-25-2010  00:38:49          PAGE  4


LOC  OBJECT CODE     LINE SOURCE TEXT
  VALUE
 
               00100 
002A 0012      00101   return
               00102 
002C 00103 hostbus_int_write
002C 5083      00104   movf          PORTD, w
002E EC00 F000 00105   call          hostbus_command         ; interpret the command byte
0032 9E9E      00106   bcf           PIR1, PSPIF             ; clear the interrupt
               00107 
0034 0012      00108   return
               00109 
               00110 ;===============================================================================
               00111 ; hostbus_push - push a byte to the Z80, will queue in FIFO if bus is busy
               00112 ;===============================================================================
               00113 
               00114 ;; The contents of WREG are sent to the Z80 at the next available time.  The
               00115 ;; byte is put straight into the output if there are no queued bytes and an
               00116 ;; interrupt is sent to the Z80 to request reading.  If the output is currently
               00117 ;; full the byte is stored in the internal FIFO to await collection.
               00118 
0036 00119 hostbus_push
0036 BC96      00120   btfsc         TRISE,OBF
0038 D000      00121   bra           hostbus_push_load_fifo
               00122   ; the buffer is empty so load the byte directly to the Z80
003A 6E83      00123   movwf         PORTD
003C 9A89      00124   bcf           LATA, P_INT             ; set an interrupt.
003E 0012      00125   return
               00126 
0040 00127 hostbus_push_load_fifo
0040 6EEE      00128   movwf         POSTINC0                ; bung the byte in the fifo
0042 0E01      00129   movlw         0x01
0044 6EEA      00130   movwf         FSR0H                   ; make sure we wrap around 256 bytes
0046 0012      00131   return
               00132 
               00133 ;-- Private functions ----------------------------------------------------------
               00134 
0048 00135 hostbus_command
               00136   ; interpret the byte in W as a command from the Z80
0048 6E00      00137   movwf         hostbus_buffer          ; save the byte before it gets mangled
004A 0E00      00138   movlw         high hostbus_command_table
004C 6E00      00139   movwf         high_jump               ; prepare to do a jump table lookup
               00140 
004E 4000      00141   rrncf         hostbus_buffer, w       ; ends up with high nibble * 4 in WREG
0050 40E8      00142   rrncf         WREG, w                 ; which is the jump index
0052 0B3C      00143   andlw         0x3C                    ; mask the nibble
0054 0F00      00144   addlw         low hostbus_command_table
0056 B0D8      00145   btfsc         STATUS, C
0058 2A00      00146   incf          high_jump, f            ; make sure the high jump is ready
               00147 
005A 6E00      00148   movwf         low_jump
005C 5000      00149   movf          high_jump, w
005E 6EFA      00150   movwf         PCLATH                  ; set high byte for jump
0060 5000      00151   movf          low_jump, w
0062 6EF9      00152   movwf         PCL                     ; set the low byte for jump
               00153 
gpasm-0.13.7 beta               hostbus.asm 2-25-2010  00:38:49          PAGE  5


LOC  OBJECT CODE     LINE SOURCE TEXT
  VALUE
 
0064 00154 hostbus_command_table
               00155   ; 16 commands
0064 EF00 F000 00156   goto          hostbus_null_command    ; 0
0068 EF00 F000 00157   goto          hostbus_null_command    ; 1
006C EF00 F000 00158   goto          hostbus_null_command    ; 2
0070 EF00 F000 00159   goto          hostbus_null_command    ; 3
0074 EF00 F000 00160   goto          hostbus_null_command    ; 4
0078 EF00 F000 00161   goto          hostbus_null_command    ; 5
007C EF00 F000 00162   goto          hostbus_null_command    ; 6
0080 EF00 F000 00163   goto          hostbus_null_command    ; 7
0084 EF00 F000 00164   goto          hostbus_null_command    ; 8
0088 EF00 F000 00165   goto          hostbus_null_command    ; 9
008C EF00 F000 00166   goto          hostbus_null_command    ; A
0090 EF00 F000 00167   goto          hostbus_null_command    ; B
0094 EF00 F000 00168   goto          hostbus_set_translation_mode    ; C
0098 EF00 F000 00169   goto          hostbus_set_send_release    ; D
009C EF00 F000 00170   goto          hostbus_set_send_command_release    ; E
00A0 EF00 F000 00171   goto          hostbus_set_flags    ; F
               00172 
00A4 00173 hostbus_null_command
               00174   ; unused command code
00A4 0012      00175   return
               00176 
00A6 00177 hostbus_set_flags
               00178   ; command to set the caps/num/scroll flags
00A6 0EF1      00179   movlw         0xF1
00A8 1600      00180   andwf         flags, f                ; set caps/shift/scroll off
               00181 
00AA 5000      00182   movf          hostbus_buffer, w
00AC 0B07      00183   andlw         0x07
               00184   
00AE 1200      00185   iorwf         flags, f                ; set them to the new value
               00186 
00B0 0EED      00187   movlw         0xED
00B2 EC00 F000 00188   call          ps2_queue_send          ; update keyboard LEDs
00B6 5000      00189   movf          flags, w
00B8 0B07      00190   andlw         0x07
00BA EC00 F000 00191   call          ps2_queue_send
00BE 0012      00192   return
               00193 
00C0 00194 hostbus_set_send_command_release
               00195   ; lsb contains new setting
00C0 9800      00196   bcf           txflags, send_command_release_flag
00C2 B000      00197   btfsc         hostbus_buffer, 0
00C4 8800      00198   bsf           txflags, send_command_release_flag
00C6 0012      00199   return
               00200 
00C8 00201 hostbus_set_send_release
               00202   ; lsb contains new setting
00C8 9600      00203   bcf           txflags, send_release_flag
00CA B000      00204   btfsc         hostbus_buffer, 0
00CC 8600      00205   bsf           txflags, send_release_flag
00CE 0012      00206   return
               00207 
gpasm-0.13.7 beta               hostbus.asm 2-25-2010  00:38:49          PAGE  6


LOC  OBJECT CODE     LINE SOURCE TEXT
  VALUE
 
00D0 00208 hostbus_set_translation_mode
               00209   ; lower nibble is new translation mode
00D0 0E0F      00210   movlw         0x0F
00D2 1400      00211   andwf         hostbus_buffer, w
00D4 6E00      00212   movwf         translation_mode
00D6 0012      00213   return
               00214 
               00215 ;== Export these functions =====================================================
               00216 
               00217     GLOBAL      hostbus_push
               00218     GLOBAL      hostbus_int
               00219     GLOBAL      hostbus_init
               00220 
gpasm-0.13.7 beta               hostbus.asm 2-25-2010  00:38:49          PAGE  7


SYMBOL TABLE
  LABEL                             VALUE 

A                                 00000000
ABDEN                             00000000
ABDOVF                            00000007
ACCESS                            00000000
ACKDT                             00000005
ACKEN                             00000004
ACKSTAT                           00000006
ACQT0                             00000003
ACQT1                             00000004
ACQT2                             00000005
ADCON0                            00000FC2
ADCON1                            00000FC1
ADCON2                            00000FC0
ADCONDEF                          0000000F
ADCS0                             00000000
ADCS1                             00000001
ADCS2                             00000002
ADDEN                             00000003
ADEN                              00000003
ADFM                              00000007
ADIE                              00000006
ADIF                              00000006
ADIP                              00000006
ADON                              00000000
ADRES                             00000FC3
ADRESH                            00000FC4
ADRESL                            00000FC3
AN0                               00000000
AN1                               00000001
AN10                              00000001
AN11                              00000004
AN12                              00000000
AN2                               00000002
AN3                               00000003
AN4                               00000005
AN5                               00000000
AN6                               00000001
AN7                               00000002
AN8                               00000002
AN9                               00000003
BANKED                            00000001
BAUDCON                           00000FB8
BAUDCTL                           00000FB8
BCLIE                             00000003
BCLIF                             00000003
BCLIP                             00000003
BF                                00000000
BGST                              00000005
BOR                               00000000
BRG16                             00000003
BRGH                              00000002
BSR                               00000FE0
C                                 00000000
gpasm-0.13.7 beta               hostbus.asm 2-25-2010  00:38:49          PAGE  8


LOC  OBJECT CODE     LINE SOURCE TEXT
  VALUE
 
C1INV                             00000004
C1OUT                             00000006
C2INV                             00000005
C2OUT                             00000007
CCP1                              00000002
CCP1CON                           00000FBD
CCP1IE                            00000002
CCP1IF                            00000002
CCP1IP                            00000002
CCP1M0                            00000000
CCP1M1                            00000001
CCP1M2                            00000002
CCP1M3                            00000003
CCP1X                             00000005
CCP1Y                             00000004
CCP2CON                           00000FBA
CCP2IE                            00000000
CCP2IF                            00000000
CCP2IP                            00000000
CCP2M0                            00000000
CCP2M1                            00000001
CCP2M2                            00000002
CCP2M3                            00000003
CCP2X                             00000005
CCP2Y                             00000004
CCP2_PORTB                        00000003
CCP2_PORTC                        00000001
CCPR1                             00000FBE
CCPR1H                            00000FBF
CCPR1L                            00000FBE
CCPR2                             00000FBB
CCPR2H                            00000FBC
CCPR2L                            00000FBB
CFGS                              00000006
CHS0                              00000002
CHS1                              00000003
CHS2                              00000004
CHS3                              00000005
CIS                               00000003
CK                                00000006
CKE                               00000006
CKP                               00000004
CLKI                              00000007
CLKO                              00000006
CM0                               00000000
CM1                               00000001
CM2                               00000002
CMCON                             00000FB4
CMIE                              00000006
CMIF                              00000006
CMIP                              00000006
CREN                              00000004
CS                                00000002
CSRC                              00000007
gpasm-0.13.7 beta               hostbus.asm 2-25-2010  00:38:49          PAGE  9


LOC  OBJECT CODE     LINE SOURCE TEXT
  VALUE
 
CVR0                              00000000
CVR1                              00000001
CVR2                              00000002
CVR3                              00000003
CVRCON                            00000FB5
CVREF                             00000002
CVREN                             00000007
CVROE                             00000006
CVRR                              00000005
CVRSS                             00000004
D                                 00000005
DC                                00000001
DC1B0                             00000004
DC1B1                             00000005
DC2B0                             00000004
DC2B1                             00000005
DONE                              00000001
D_A                               00000005
ECCP1AS                           00000FB6
ECCPAS0                           00000004
ECCPAS1                           00000005
ECCPAS2                           00000006
ECCPASE                           00000007
EEADR                             00000FA9
EECON1                            00000FA6
EECON2                            00000FA7
EEDATA                            00000FA8
EEIE                              00000004
EEIF                              00000004
EEIP                              00000004
EEPGD                             00000007
FAST                              00000001
FERR                              00000002
FLTS                              00000002
FREE                              00000004
FSR0                              00000000
FSR0H                             00000FEA
FSR0L                             00000FE9
FSR1                              00000001
FSR1H                             00000FE2
FSR1L                             00000FE1
FSR2                              00000002
FSR2H                             00000FDA
FSR2L                             00000FD9
GCEN                              00000007
GIE                               00000007
GIEH                              00000007
GIEL                              00000006
GO                                00000001
GO_DONE                           00000001
HLVDCON                           00000FD2
HLVDEN                            00000004
HLVDIE                            00000002
HLVDIF                            00000002
gpasm-0.13.7 beta               hostbus.asm 2-25-2010  00:38:49          PAGE 10


LOC  OBJECT CODE     LINE SOURCE TEXT
  VALUE
 
HLVDIP                            00000002
HLVDL0                            00000000
HLVDL1                            00000001
HLVDL2                            00000002
HLVDL3                            00000003
IBF                               00000007
IBOV                              00000005
IDLEN                             00000007
INDF0                             00000FEF
INDF1                             00000FE7
INDF2                             00000FDF
INT0                              00000000
INT0E                             00000004
INT0F                             00000001
INT0IE                            00000004
INT0IF                            00000001
INT1                              00000001
INT1E                             00000003
INT1F                             00000000
INT1IE                            00000003
INT1IF                            00000000
INT1IP                            00000006
INT1P                             00000006
INT2                              00000002
INT2E                             00000004
INT2F                             00000001
INT2IE                            00000004
INT2IF                            00000001
INT2IP                            00000007
INT2P                             00000007
INTCON                            00000FF2
INTCON2                           00000FF1
INTCON3                           00000FF0
INTEDG0                           00000006
INTEDG1                           00000005
INTEDG2                           00000004
INTSRC                            00000007
IOFS                              00000002
IPEN                              00000007
IPR1                              00000F9F
IPR2                              00000FA2
IRCF0                             00000004
IRCF1                             00000005
IRCF2                             00000006
IRVST                             00000005
IVRST                             00000005
KBI0                              00000004
KBI1                              00000005
KBI2                              00000006
KBI3                              00000007
LATA                              00000F89
LATA0                             00000000
LATA1                             00000001
LATA2                             00000002
gpasm-0.13.7 beta               hostbus.asm 2-25-2010  00:38:49          PAGE 11


LOC  OBJECT CODE     LINE SOURCE TEXT
  VALUE
 
LATA3                             00000003
LATA4                             00000004
LATA5                             00000005
LATA6                             00000006
LATA7                             00000007
LATB                              00000F8A
LATB0                             00000000
LATB1                             00000001
LATB2                             00000002
LATB3                             00000003
LATB4                             00000004
LATB5                             00000005
LATB6                             00000006
LATB7                             00000007
LATC                              00000F8B
LATC0                             00000000
LATC1                             00000001
LATC2                             00000002
LATC3                             00000003
LATC4                             00000004
LATC5                             00000005
LATC6                             00000006
LATC7                             00000007
LATD                              00000F8C
LATD0                             00000000
LATD1                             00000001
LATD2                             00000002
LATD3                             00000003
LATD4                             00000004
LATD5                             00000005
LATD6                             00000006
LATD7                             00000007
LATE                              00000F8D
LATE0                             00000000
LATE1                             00000001
LATE2                             00000002
LVDCON                            00000FD2
LVDEN                             00000004
LVDIE                             00000002
LVDIF                             00000002
LVDIN                             00000005
LVDIP                             00000002
LVDL0                             00000000
LVDL1                             00000001
LVDL2                             00000002
LVDL3                             00000003
LVV0                              00000000
LVV1                              00000001
LVV2                              00000002
LVV3                              00000003
MCLR                              00000003
N                                 00000004
NOT_A                             00000005
NOT_ADDRESS                       00000005
gpasm-0.13.7 beta               hostbus.asm 2-25-2010  00:38:49          PAGE 12


LOC  OBJECT CODE     LINE SOURCE TEXT
  VALUE
 
NOT_BOR                           00000000
NOT_CS                            00000002
NOT_DONE                          00000001
NOT_MCLR                          00000003
NOT_PD                            00000002
NOT_POR                           00000001
NOT_RBPU                          00000007
NOT_RD                            00000000
NOT_RI                            00000004
NOT_SS                            00000005
NOT_T1SYNC                        00000002
NOT_T3SYNC                        00000002
NOT_TO                            00000003
NOT_W                             00000002
NOT_WR                            00000001
NOT_WRITE                         00000002
OBF                               00000006
OERR                              00000001
OSC1                              00000007
OSC2                              00000006
OSCCON                            00000FD3
OSCFIE                            00000007
OSCFIF                            00000007
OSCFIP                            00000007
OSCTUNE                           00000F9B
OSTS                              00000003
OV                                00000003
P                                 00000004
P1B                               00000005
P1C                               00000006
P1D                               00000007
P1M0                              00000006
P1M1                              00000007
PC                                00000FF9
PCFG0                             00000000
PCFG1                             00000001
PCFG2                             00000002
PCFG3                             00000003
PCL                               00000FF9
PCLATH                            00000FFA
PCLATU                            00000FFB
PD                                00000002
PDC0                              00000000
PDC1                              00000001
PDC2                              00000002
PDC3                              00000003
PDC4                              00000004
PDC5                              00000005
PDC6                              00000006
PEIE                              00000006
PEN                               00000002
PGC                               00000006
PGD                               00000007
PGM                               00000005
gpasm-0.13.7 beta               hostbus.asm 2-25-2010  00:38:49          PAGE 13


LOC  OBJECT CODE     LINE SOURCE TEXT
  VALUE
 
PIE1                              00000F9D
PIE2                              00000FA0
PIR1                              00000F9E
PIR2                              00000FA1
PLLEN                             00000006
PLUSW0                            00000FEB
PLUSW1                            00000FE3
PLUSW2                            00000FDB
POR                               00000001
PORTA                             00000F80
PORTADEF                          00000023
PORTADIR                          000000DC
PORTB                             00000F81
PORTBDEF                          00000000
PORTBDIR                          0000007F
PORTC                             00000F82
PORTCDEF                          00000000
PORTCDIR                          000000FF
PORTD                             00000F83
PORTE                             00000F84
PORTEDEF                          00000000
PORTEDIR                          00000017
POSTDEC0                          00000FED
POSTDEC1                          00000FE5
POSTDEC2                          00000FDD
POSTINC0                          00000FEE
POSTINC1                          00000FE6
POSTINC2                          00000FDE
PR2                               00000FCB
PREINC0                           00000FEC
PREINC1                           00000FE4
PREINC2                           00000FDC
PROD                              00000FF3
PRODH                             00000FF4
PRODL                             00000FF3
PRSEN                             00000007
PSA                               00000003
PSP0                              00000000
PSP1                              00000001
PSP2                              00000002
PSP3                              00000003
PSP4                              00000004
PSP5                              00000005
PSP6                              00000006
PSP7                              00000007
PSPIE                             00000007
PSPIF                             00000007
PSPIP                             00000007
PSPMODE                           00000004
PSSAC0                            00000002
PSSAC1                            00000003
PSSBD0                            00000000
PSSBD1                            00000001
PWM1CON                           00000FB7
gpasm-0.13.7 beta               hostbus.asm 2-25-2010  00:38:49          PAGE 14


LOC  OBJECT CODE     LINE SOURCE TEXT
  VALUE
 
P_CS                              00000002
P_FOUND                           00000001
P_INT                             00000005
P_RD                              00000000
P_READY                           00000000
P_RX                              00000007
P_TX                              00000006
P_WR                              00000001
R                                 00000002
RA0                               00000000
RA1                               00000001
RA2                               00000002
RA3                               00000003
RA4                               00000004
RA5                               00000005
RA6                               00000006
RA7                               00000007
RB0                               00000000
RB1                               00000001
RB2                               00000002
RB3                               00000003
RB4                               00000004
RB5                               00000005
RB6                               00000006
RB7                               00000007
RBIE                              00000003
RBIF                              00000000
RBIP                              00000000
RBPU                              00000007
RC0                               00000000
RC1                               00000001
RC2                               00000002
RC3                               00000003
RC4                               00000004
RC5                               00000005
RC6                               00000006
RC7                               00000007
RCEN                              00000003
RCIDL                             00000006
RCIE                              00000005
RCIF                              00000005
RCIP                              00000005
RCMT                              00000006
RCON                              00000FD0
RCREG                             00000FAE
RCSTA                             00000FAB
RD                                00000000
RD0                               00000000
RD1                               00000001
RD16                              00000007
RD2                               00000002
RD3                               00000003
RD4                               00000004
RD5                               00000005
gpasm-0.13.7 beta               hostbus.asm 2-25-2010  00:38:49          PAGE 15


LOC  OBJECT CODE     LINE SOURCE TEXT
  VALUE
 
RD6                               00000006
RD7                               00000007
RE0                               00000000
RE1                               00000001
RE2                               00000002
RE3                               00000003
RI                                00000004
RSEN                              00000001
RX                                00000007
RX9                               00000006
RX9D                              00000000
RXDTP                             00000005
R_W                               00000002
S                                 00000003
SBOREN                            00000006
SCK                               00000003
SCKP                              00000004
SCL                               00000003
SCS0                              00000000
SCS1                              00000001
SDA                               00000004
SDI                               00000004
SDO                               00000005
SEN                               00000000
SENDB                             00000003
SMP                               00000007
SP0                               00000000
SP1                               00000001
SP2                               00000002
SP3                               00000003
SP4                               00000004
SPBRG                             00000FAF
SPBRGH                            00000FB0
SPEN                              00000007
SREN                              00000005
SS                                00000005
SSPADD                            00000FC8
SSPBUF                            00000FC9
SSPCON1                           00000FC6
SSPCON2                           00000FC5
SSPEN                             00000005
SSPIE                             00000003
SSPIF                             00000003
SSPIP                             00000003
SSPM0                             00000000
SSPM1                             00000001
SSPM2                             00000002
SSPM3                             00000003
SSPOV                             00000006
SSPSTAT                           00000FC7
STATUS                            00000FD8
STKFUL                            00000007
STKOVF                            00000007
STKPTR                            00000FFC
gpasm-0.13.7 beta               hostbus.asm 2-25-2010  00:38:49          PAGE 16


LOC  OBJECT CODE     LINE SOURCE TEXT
  VALUE
 
STKUNF                            00000006
SWDTE                             00000000
SWDTEN                            00000000
SYNC                              00000004
T08BIT                            00000006
T0CKI                             00000004
T0CON                             00000FD5
T0CS                              00000005
T0IE                              00000005
T0IF                              00000002
T0PS0                             00000000
T0PS1                             00000001
T0PS2                             00000002
T0SE                              00000004
T13CKI                            00000000
T1CKI                             00000000
T1CKPS0                           00000004
T1CKPS1                           00000005
T1CON                             00000FCD
T1OSCEN                           00000003
T1OSI                             00000001
T1OSO                             00000000
T1RUN                             00000006
T1SYNC                            00000002
T2CKPS0                           00000000
T2CKPS1                           00000001
T2CON                             00000FCA
T2OUTPS0                          00000003
T2OUTPS1                          00000004
T2OUTPS2                          00000005
T2OUTPS3                          00000006
T3CCP1                            00000003
T3CCP2                            00000006
T3CKPS0                           00000004
T3CKPS1                           00000005
T3CON                             00000FB1
T3SYNC                            00000002
TABLAT                            00000FF5
TBLPTR                            00000FF6
TBLPTRH                           00000FF7
TBLPTRL                           00000FF6
TBLPTRU                           00000FF8
TMR0H                             00000FD7
TMR0IE                            00000005
TMR0IF                            00000002
TMR0IP                            00000002
TMR0L                             00000FD6
TMR0ON                            00000007
TMR1CS                            00000001
TMR1H                             00000FCF
TMR1IE                            00000000
TMR1IF                            00000000
TMR1IP                            00000000
TMR1L                             00000FCE
gpasm-0.13.7 beta               hostbus.asm 2-25-2010  00:38:49          PAGE 17


LOC  OBJECT CODE     LINE SOURCE TEXT
  VALUE
 
TMR1ON                            00000000
TMR2                              00000FCC
TMR2IE                            00000001
TMR2IF                            00000001
TMR2IP                            00000001
TMR2ON                            00000002
TMR3CS                            00000001
TMR3H                             00000FB3
TMR3IE                            00000001
TMR3IF                            00000001
TMR3IP                            00000001
TMR3L                             00000FB2
TMR3ON                            00000000
TO                                00000003
TOS                               00000FFD
TOSH                              00000FFE
TOSL                              00000FFD
TOSU                              00000FFF
TRISA                             00000F92
TRISA0                            00000000
TRISA1                            00000001
TRISA2                            00000002
TRISA3                            00000003
TRISA4                            00000004
TRISA5                            00000005
TRISA6                            00000006
TRISA7                            00000007
TRISB                             00000F93
TRISB0                            00000000
TRISB1                            00000001
TRISB2                            00000002
TRISB3                            00000003
TRISB4                            00000004
TRISB5                            00000005
TRISB6                            00000006
TRISB7                            00000007
TRISC                             00000F94
TRISC0                            00000000
TRISC1                            00000001
TRISC2                            00000002
TRISC3                            00000003
TRISC4                            00000004
TRISC5                            00000005
TRISC6                            00000006
TRISC7                            00000007
TRISD                             00000F95
TRISD0                            00000000
TRISD1                            00000001
TRISD2                            00000002
TRISD3                            00000003
TRISD4                            00000004
TRISD5                            00000005
TRISD6                            00000006
TRISD7                            00000007
gpasm-0.13.7 beta               hostbus.asm 2-25-2010  00:38:49          PAGE 18


LOC  OBJECT CODE     LINE SOURCE TEXT
  VALUE
 
TRISE                             00000F96
TRISE0                            00000000
TRISE1                            00000001
TRISE2                            00000002
TRMT                              00000001
TUN0                              00000000
TUN1                              00000001
TUN2                              00000002
TUN3                              00000003
TUN4                              00000004
TX                                00000006
TX9                               00000006
TX9D                              00000000
TXCKP                             00000004
TXEN                              00000005
TXIE                              00000004
TXIF                              00000004
TXIP                              00000004
TXREG                             00000FAD
TXSTA                             00000FAC
UA                                00000001
VCFG0                             00000004
VCFG1                             00000005
VDIRMAG                           00000007
VPP                               00000003
VREFN                             00000002
VREFP                             00000003
W                                 00000000
WCOL                              00000007
WDTCON                            00000FD1
WR                                00000001
WREG                              00000FE8
WREN                              00000002
WRERR                             00000003
WUE                               00000001
Z                                 00000002
_BOREN_NOSLP_2L                   000000FD
_BOREN_OFF_2L                     000000F9
_BOREN_ON_2L                      000000FB
_BOREN_SBORDIS_2L                 000000FF
_BORV_0_2L                        000000E7
_BORV_1_2L                        000000EF
_BORV_2_2L                        000000F7
_BORV_3_2L                        000000FF
_CCP2MX_PORTBE_3H                 000000FE
_CCP2MX_PORTC_3H                  000000FF
_CONFIG1H                         00300001
_CONFIG2H                         00300003
_CONFIG2L                         00300002
_CONFIG3H                         00300005
_CONFIG4L                         00300006
_CONFIG5H                         00300009
_CONFIG5L                         00300008
_CONFIG6H                         0030000B
gpasm-0.13.7 beta               hostbus.asm 2-25-2010  00:38:49          PAGE 19


LOC  OBJECT CODE     LINE SOURCE TEXT
  VALUE
 
_CONFIG6L                         0030000A
_CONFIG7H                         0030000D
_CONFIG7L                         0030000C
_CP0_OFF_5L                       000000FF
_CP0_ON_5L                        000000FE
_CP1_OFF_5L                       000000FF
_CP1_ON_5L                        000000FD
_CP2_OFF_5L                       000000FF
_CP2_ON_5L                        000000FB
_CP3_OFF_5L                       000000FF
_CP3_ON_5L                        000000F7
_CPB_OFF_5H                       000000FF
_CPB_ON_5H                        000000BF
_CPD_OFF_5H                       000000FF
_CPD_ON_5H                        0000007F
_DEBUG_OFF_4L                     000000FF
_DEBUG_ON_4L                      0000007F
_DEVID1                           003FFFFE
_DEVID2                           003FFFFF
_EBTR0_OFF_7L                     000000FF
_EBTR0_ON_7L                      000000FE
_EBTR1_OFF_7L                     000000FF
_EBTR1_ON_7L                      000000FD
_EBTR2_OFF_7L                     000000FF
_EBTR2_ON_7L                      000000FB
_EBTR3_OFF_7L                     000000FF
_EBTR3_ON_7L                      000000F7
_EBTRB_OFF_7H                     000000FF
_EBTRB_ON_7H                      000000BF
_FCMEN_OFF_1H                     000000BF
_FCMEN_ON_1H                      000000FF
_IDLOC0                           00200000
_IDLOC1                           00200001
_IDLOC2                           00200002
_IDLOC3                           00200003
_IDLOC4                           00200004
_IDLOC5                           00200005
_IDLOC6                           00200006
_IDLOC7                           00200007
_IESO_OFF_1H                      0000007F
_IESO_ON_1H                       000000FF
_LPT1OSC_OFF_3H                   000000FB
_LPT1OSC_ON_3H                    000000FF
_LVP_OFF_4L                       000000FB
_LVP_ON_4L                        000000FF
_MCLRE_OFF_3H                     0000007F
_MCLRE_ON_3H                      000000FF
_OSC_ECIO6_1H                     000000F5
_OSC_EC_1H                        000000F4
_OSC_HSPLL_1H                     000000F6
_OSC_HS_1H                        000000F2
_OSC_INTIO67_1H                   000000F8
_OSC_INTIO7_1H                    000000F9
_OSC_LP_1H                        000000F0
gpasm-0.13.7 beta               hostbus.asm 2-25-2010  00:38:49          PAGE 20


LOC  OBJECT CODE     LINE SOURCE TEXT
  VALUE
 
_OSC_RCIO6_1H                     000000F7
_OSC_RC_1H                        000000F3
_OSC_XT_1H                        000000F1
_PBADEN_OFF_3H                    000000FD
_PBADEN_ON_3H                     000000FF
_PWRT_OFF_2L                      000000FF
_PWRT_ON_2L                       000000FE
_STVREN_OFF_4L                    000000FE
_STVREN_ON_4L                     000000FF
_WDTPS_1024_2H                    000000F5
_WDTPS_128_2H                     000000EF
_WDTPS_16384_2H                   000000FD
_WDTPS_16_2H                      000000E9
_WDTPS_1_2H                       000000E1
_WDTPS_2048_2H                    000000F7
_WDTPS_256_2H                     000000F1
_WDTPS_2_2H                       000000E3
_WDTPS_32768_2H                   000000FF
_WDTPS_32_2H                      000000EB
_WDTPS_4096_2H                    000000F9
_WDTPS_4_2H                       000000E5
_WDTPS_512_2H                     000000F3
_WDTPS_64_2H                      000000ED
_WDTPS_8192_2H                    000000FB
_WDTPS_8_2H                       000000E7
_WDT_OFF_2H                       000000FE
_WDT_ON_2H                        000000FF
_WRT0_OFF_6L                      000000FF
_WRT0_ON_6L                       000000FE
_WRT1_OFF_6L                      000000FF
_WRT1_ON_6L                       000000FD
_WRT2_OFF_6L                      000000FF
_WRT2_ON_6L                       000000FB
_WRT3_OFF_6L                      000000FF
_WRT3_ON_6L                       000000F7
_WRTB_OFF_6H                      000000FF
_WRTB_ON_6H                       000000BF
_WRTC_OFF_6H                      000000FF
_WRTC_ON_6H                       000000DF
_WRTD_OFF_6H                      000000FF
_WRTD_ON_6H                       0000007F
_XINST_OFF_4L                     000000BF
_XINST_ON_4L                      000000FF
__18F4520                         00000001
ack_flag                          00000000
caps_flag                         00000002
flags                             00000000
high_jump                         00000001
hostbus_buffer                    00000000
hostbus_command                   00000048
hostbus_command_table             00000064
hostbus_init                      00000000
hostbus_int                       00000010
hostbus_int_read                  00000014
gpasm-0.13.7 beta               hostbus.asm 2-25-2010  00:38:49          PAGE 21


LOC  OBJECT CODE     LINE SOURCE TEXT
  VALUE
 
hostbus_int_write                 0000002C
hostbus_null_command              000000A4
hostbus_push                      00000036
hostbus_push_load_fifo            00000040
hostbus_set_flags                 000000A6
hostbus_set_send_command_release  000000C0
hostbus_set_send_release          000000C8
hostbus_set_translation_mode      000000D0
low_jump                          00000002
num_flag                          00000001
pause_flag                        00000002
ps2_queue_send                    00000000
release_flag                      00000004
resend_flag                       00000001
scroll_flag                       00000000
send_command_release_flag         00000004
send_failed_flag                  00000006
send_release_flag                 00000003
shift_flag                        00000003
special_flag                      00000007
talking_flag                      00000005
translation_mode                  00000000
txflags                           00000000
DDRA                              TRISA
DDRB                              TRISB
DDRC                              TRISC
DDRD                              TRISD
DDRE                              TRISE


Errors   :       0
Warnings :       0 reported,       0 suppressed
Messages :       0 reported,       0 suppressed

