gpasm-0.13.7 beta               main.asm    2-8-2010  20:01:06           PAGE  1


LOC  OBJECT CODE     LINE SOURCE TEXT
  VALUE
 
               00001 ;==============================================================================
               00002 ;    main.asm
               00003 ;==============================================================================
               00004 
               00005 ;------------------------------------------------------------------------------
               00006 ;
               00007 ; PS/2 Keyboard driver and buffer firmware
               00008 ; File Version 1.0 - 5 Feb 2010
               00009 ; hairymnstr@gmail.com
               00010 ;
               00011 ; Copyright (C) 2010  Nathan Dumont
               00012 ;
               00013 ; This program is free software: you can redistribute it and/or modify
               00014 ; it under the terms of the GNU General Public License as published by
               00015 ; the Free Software Foundation, either version 3 of the License, or
               00016 ; (at your option) any later version.
               00017 ;
               00018 ; This program is distributed in the hope that it will be useful,
               00019 ; but WITHOUT ANY WARRANTY; without even the implied warranty of
               00020 ; MERCHANTABILITY or FITNESS FOR A PARTICULAR PURPOSE.  See the
               00021 ; GNU General Public License for more details.
               00022 ;
               00023 ; You should have received a copy of the GNU General Public License
               00024 ; along with this program.  If not, see <http://www.gnu.org/licenses/>.
               00025 ;
               00026 ;
               00027 ;------------------------------------------------------------------------------
               00028 
               00029 list p=18f4520
               00030 #include <p18f4520.inc>
               00001         LIST
               00002 
               00003 ;==========================================================================
               00004 ;  MPASM PIC18F4520 processor include
               00005 ; 
               00006 ;  (c) Copyright 1999-2007 Microchip Technology, All rights reserved
               00007 ;==========================================================================
               00008 
               01336         LIST
               00031 #include "portpins.inc"
               00001 ;== PORT Definitions ==========================================================
               00002 
               00003 ;-- PORT A --------------------------------------------------------------------
               00004 
  00000005     00005 P_INT           EQU     5
               00006 
  00000020     00007 PORTADEF        EQU     b'00100000'
  000000DF     00008 PORTADIR        EQU     b'11011111'
               00009 
               00010 ;-- PORT B --------------------------------------------------------------------
               00011 
  00000000     00012 PORTBDEF        EQU     b'00000000'
  000000FF     00013 PORTBDIR        EQU     b'11111111'
               00014 
gpasm-0.13.7 beta               main.asm    2-8-2010  20:01:06           PAGE  2


LOC  OBJECT CODE     LINE SOURCE TEXT
  VALUE
 
               00015 ;-- PORT C --------------------------------------------------------------------
               00016 
  00000006     00017 P_TX            EQU     6
  00000007     00018 P_RX            EQU     7
               00019 
  00000000     00020 PORTCDEF        EQU     b'00000000'
  000000FF     00021 PORTCDIR        EQU     b'11111111'
               00022 
               00023 ;-- PORT E --------------------------------------------------------------------
               00024 
  00000000     00025 P_RD            EQU     0
  00000001     00026 P_WR            EQU     1
  00000002     00027 P_CS            EQU     2
               00028 
  00000017     00029 PORTEDIR        EQU     b'00010111'
  00000000     00030 PORTEDEF        EQU     b'00000000'
               00031 
               00032 ;-- ADC PINS -------------------------------------------------------------------
               00033 
  0000000F     00032 
               00033 errorlevel -302
               00034 errorlevel -205
               00035 
300000 0000    00036 CONFIG OSC = HSPLL
               00037 CONFIG FCMEN = ON, IESO = OFF, PWRT = ON, BOREN = OFF, BORV = 0
300004 0000    00038 CONFIG WDT = OFF, WDTPS = 1, MCLRE = ON, LPT1OSC = OFF
300006 0000    00039 CONFIG PBADEN = OFF, CCP2MX = PORTC, STVREN = ON, LVP = OFF
               00040 CONFIG XINST = OFF, DEBUG = OFF, CP0 = OFF, CP1 = OFF, CP2 = OFF, CP3 = OFF
               00041 CONFIG CPB = OFF, CPD = OFF, WRT0 = OFF, WRT1 = OFF, WRT2 = OFF, WRT3 = OFF
               00042 CONFIG WRTB = OFF, WRTC = OFF, WRTD = OFF, EBTR0 = OFF, EBTR1 = OFF
30000C 0000    00043 CONFIG EBTR2 = OFF, EBTR3 = OFF, EBTRB = OFF
               00044 
               00045 org 0x00
0000 EF00 F000 00046     goto        init
               00047 
               00048 org 0x08
0008 00049 interrupt
0008 AE9E      00050   btfss         PIR1, PSPIF
000A EF00 F000 00051   goto          psp_rd_int
000E EF00 F000 00052   goto          serial_rx_int
               00053 
0012 00054 psp_rd_int
               00055   ; a byte has been read by the Z80
               00056   ; see if there is a new byte and load that into the buffer
               00057   ; first clear the interrupt so that the Z80 doesn't come back immediately
0012 8A89      00058   bsf           LATA, P_INT
               00059 
0014 50E9      00060   movf          FSR0L,w
0016 18E1      00061   xorwf         FSR1L,w
0018 E000      00062   bz            exit_interrupt          ; if low bytes of fifo write and read
               00063                                         ; match, there's no new data
               00064   ; if not then there's more data for the Z80
001A 50E6      00065   movf          POSTINC1,w              ; get the byte from the read pointer
001C 6E83      00066   movwf         PORTD                   ; put it in the buffer for the next read
gpasm-0.13.7 beta               main.asm    2-8-2010  20:01:06           PAGE  3


LOC  OBJECT CODE     LINE SOURCE TEXT
  VALUE
 
001E 0E01      00067   movlw         0x01
0020 6EE2      00068   movwf         FSR1H                   ; make sure we don't overflow the buffer
0022 9A89      00069   bcf           LATA, P_INT             ; set the interrupt again
0024 9E9E      00070   bcf           PIR1, PSPIF             ; clear the internal flag
0026 EF00 F000 00071   goto          exit_interrupt
               00072 
002A 00073 serial_rx_int
               00074   ; the keyboard has written a byte to the serial port
               00075   ; store it in the keybuffer after suitable keymap lookup
002A 50AE      00076   movf          RCREG,w
               00077   ; do the key lookup here
002C 6EEE      00078   movwf         POSTINC0                ; put it in the fifo
002E 0E01      00079   movlw         0x01
0030 6EE1      00080   movwf         FSR1L
0032 EF00 F000 00081   goto          exit_interrupt
               00082 
0036 00083 exit_interrupt
0036 0011      00084   retfie        FAST
               00085 ; == End of Interrupt code ====================================================
               00086 
0038 00087 init
0038 0E0F      00088   movlw         ADCONDEF
003A 6EC1      00089   movwf         ADCON1
               00090 
003C 0E20      00091   movlw         PORTADEF
003E 6E89      00092   movwf         LATA
0040 0EDF      00093   movlw         PORTADIR
0042 6E92      00094   movwf         TRISA
               00095 
0044 0E00      00096   movlw         PORTBDEF
0046 6E8A      00097   movwf         LATB
0048 0EFF      00098   movlw         PORTBDIR
004A 6E93      00099   movwf         TRISB
               00100 
004C 0E00      00101   movlw         PORTCDEF
004E 6E8B      00102   movwf         LATC
0050 0EFF      00103   movlw         PORTCDIR
0052 6E94      00104   movwf         TRISC
               00105 
               00106   ; don't need to set up port D because it is controlled by the PSP mode bits
               00107   ; in TRISE
               00108 
0054 0E00      00109   movlw         PORTEDEF
0056 6E8D      00110   movwf         LATE
0058 0E17      00111   movlw         PORTEDIR
005A 6E96      00112   movwf         TRISE
               00113 
               00114   ; now setup serial and interupts
005C 0E10      00115   movlw         b'00010000'             ; synchronous slave mode
005E 6EAC      00116   movwf         TXSTA
0060 0E50      00117   movlw         b'01010000'             ; enable continuous receive, 9-bit
0062 6EAB      00118   movwf         RCSTA                   ; not active yet
               00119 
0064 8EAB      00120   bsf           RCSTA, SPEN             ; enable the serial port
gpasm-0.13.7 beta               main.asm    2-8-2010  20:01:06           PAGE  4


LOC  OBJECT CODE     LINE SOURCE TEXT
  VALUE
 
               00121 
               00122   ; now interrupts
0066 8A9D      00123   bsf           PIE1, RCIE
0068 8E9D      00124   bsf           PIE1, PSPIE
006A 8CF2      00125   bsf           INTCON, PEIE
006C 8EF2      00126   bsf           INTCON, GIE
               00127   
               00128 
006E 00129 main
               00130   ; there really isn't anything to do in the main loop, just wait for interrupts
006E D000      00131   bra           main
               00132 
               00133 
gpasm-0.13.7 beta               main.asm    2-8-2010  20:01:06           PAGE  5


SYMBOL TABLE
  LABEL                             VALUE 

A                                 00000000
ABDEN                             00000000
ABDOVF                            00000007
ACCESS                            00000000
ACKDT                             00000005
ACKEN                             00000004
ACKSTAT                           00000006
ACQT0                             00000003
ACQT1                             00000004
ACQT2                             00000005
ADCON0                            00000FC2
ADCON1                            00000FC1
ADCON2                            00000FC0
ADCONDEF                          0000000F
ADCS0                             00000000
ADCS1                             00000001
ADCS2                             00000002
ADDEN                             00000003
ADEN                              00000003
ADFM                              00000007
ADIE                              00000006
ADIF                              00000006
ADIP                              00000006
ADON                              00000000
ADRES                             00000FC3
ADRESH                            00000FC4
ADRESL                            00000FC3
AN0                               00000000
AN1                               00000001
AN10                              00000001
AN11                              00000004
AN12                              00000000
AN2                               00000002
AN3                               00000003
AN4                               00000005
AN5                               00000000
AN6                               00000001
AN7                               00000002
AN8                               00000002
AN9                               00000003
BANKED                            00000001
BAUDCON                           00000FB8
BAUDCTL                           00000FB8
BCLIE                             00000003
BCLIF                             00000003
BCLIP                             00000003
BF                                00000000
BGST                              00000005
BOR                               00000000
BRG16                             00000003
BRGH                              00000002
BSR                               00000FE0
C                                 00000000
gpasm-0.13.7 beta               main.asm    2-8-2010  20:01:06           PAGE  6


LOC  OBJECT CODE     LINE SOURCE TEXT
  VALUE
 
C1INV                             00000004
C1OUT                             00000006
C2INV                             00000005
C2OUT                             00000007
CCP1                              00000002
CCP1CON                           00000FBD
CCP1IE                            00000002
CCP1IF                            00000002
CCP1IP                            00000002
CCP1M0                            00000000
CCP1M1                            00000001
CCP1M2                            00000002
CCP1M3                            00000003
CCP1X                             00000005
CCP1Y                             00000004
CCP2CON                           00000FBA
CCP2IE                            00000000
CCP2IF                            00000000
CCP2IP                            00000000
CCP2M0                            00000000
CCP2M1                            00000001
CCP2M2                            00000002
CCP2M3                            00000003
CCP2X                             00000005
CCP2Y                             00000004
CCP2_PORTB                        00000003
CCP2_PORTC                        00000001
CCPR1                             00000FBE
CCPR1H                            00000FBF
CCPR1L                            00000FBE
CCPR2                             00000FBB
CCPR2H                            00000FBC
CCPR2L                            00000FBB
CFGS                              00000006
CHS0                              00000002
CHS1                              00000003
CHS2                              00000004
CHS3                              00000005
CIS                               00000003
CK                                00000006
CKE                               00000006
CKP                               00000004
CLKI                              00000007
CLKO                              00000006
CM0                               00000000
CM1                               00000001
CM2                               00000002
CMCON                             00000FB4
CMIE                              00000006
CMIF                              00000006
CMIP                              00000006
CREN                              00000004
CS                                00000002
CSRC                              00000007
gpasm-0.13.7 beta               main.asm    2-8-2010  20:01:06           PAGE  7


LOC  OBJECT CODE     LINE SOURCE TEXT
  VALUE
 
CVR0                              00000000
CVR1                              00000001
CVR2                              00000002
CVR3                              00000003
CVRCON                            00000FB5
CVREF                             00000002
CVREN                             00000007
CVROE                             00000006
CVRR                              00000005
CVRSS                             00000004
D                                 00000005
DC                                00000001
DC1B0                             00000004
DC1B1                             00000005
DC2B0                             00000004
DC2B1                             00000005
DONE                              00000001
D_A                               00000005
ECCP1AS                           00000FB6
ECCPAS0                           00000004
ECCPAS1                           00000005
ECCPAS2                           00000006
ECCPASE                           00000007
EEADR                             00000FA9
EECON1                            00000FA6
EECON2                            00000FA7
EEDATA                            00000FA8
EEIE                              00000004
EEIF                              00000004
EEIP                              00000004
EEPGD                             00000007
FAST                              00000001
FERR                              00000002
FLTS                              00000002
FREE                              00000004
FSR0                              00000000
FSR0H                             00000FEA
FSR0L                             00000FE9
FSR1                              00000001
FSR1H                             00000FE2
FSR1L                             00000FE1
FSR2                              00000002
FSR2H                             00000FDA
FSR2L                             00000FD9
GCEN                              00000007
GIE                               00000007
GIEH                              00000007
GIEL                              00000006
GO                                00000001
GO_DONE                           00000001
HLVDCON                           00000FD2
HLVDEN                            00000004
HLVDIE                            00000002
HLVDIF                            00000002
gpasm-0.13.7 beta               main.asm    2-8-2010  20:01:06           PAGE  8


LOC  OBJECT CODE     LINE SOURCE TEXT
  VALUE
 
HLVDIP                            00000002
HLVDL0                            00000000
HLVDL1                            00000001
HLVDL2                            00000002
HLVDL3                            00000003
IBF                               00000007
IBOV                              00000005
IDLEN                             00000007
INDF0                             00000FEF
INDF1                             00000FE7
INDF2                             00000FDF
INT0                              00000000
INT0E                             00000004
INT0F                             00000001
INT0IE                            00000004
INT0IF                            00000001
INT1                              00000001
INT1E                             00000003
INT1F                             00000000
INT1IE                            00000003
INT1IF                            00000000
INT1IP                            00000006
INT1P                             00000006
INT2                              00000002
INT2E                             00000004
INT2F                             00000001
INT2IE                            00000004
INT2IF                            00000001
INT2IP                            00000007
INT2P                             00000007
INTCON                            00000FF2
INTCON2                           00000FF1
INTCON3                           00000FF0
INTEDG0                           00000006
INTEDG1                           00000005
INTEDG2                           00000004
INTSRC                            00000007
IOFS                              00000002
IPEN                              00000007
IPR1                              00000F9F
IPR2                              00000FA2
IRCF0                             00000004
IRCF1                             00000005
IRCF2                             00000006
IRVST                             00000005
IVRST                             00000005
KBI0                              00000004
KBI1                              00000005
KBI2                              00000006
KBI3                              00000007
LATA                              00000F89
LATA0                             00000000
LATA1                             00000001
LATA2                             00000002
gpasm-0.13.7 beta               main.asm    2-8-2010  20:01:06           PAGE  9


LOC  OBJECT CODE     LINE SOURCE TEXT
  VALUE
 
LATA3                             00000003
LATA4                             00000004
LATA5                             00000005
LATA6                             00000006
LATA7                             00000007
LATB                              00000F8A
LATB0                             00000000
LATB1                             00000001
LATB2                             00000002
LATB3                             00000003
LATB4                             00000004
LATB5                             00000005
LATB6                             00000006
LATB7                             00000007
LATC                              00000F8B
LATC0                             00000000
LATC1                             00000001
LATC2                             00000002
LATC3                             00000003
LATC4                             00000004
LATC5                             00000005
LATC6                             00000006
LATC7                             00000007
LATD                              00000F8C
LATD0                             00000000
LATD1                             00000001
LATD2                             00000002
LATD3                             00000003
LATD4                             00000004
LATD5                             00000005
LATD6                             00000006
LATD7                             00000007
LATE                              00000F8D
LATE0                             00000000
LATE1                             00000001
LATE2                             00000002
LVDCON                            00000FD2
LVDEN                             00000004
LVDIE                             00000002
LVDIF                             00000002
LVDIN                             00000005
LVDIP                             00000002
LVDL0                             00000000
LVDL1                             00000001
LVDL2                             00000002
LVDL3                             00000003
LVV0                              00000000
LVV1                              00000001
LVV2                              00000002
LVV3                              00000003
MCLR                              00000003
N                                 00000004
NOT_A                             00000005
NOT_ADDRESS                       00000005
gpasm-0.13.7 beta               main.asm    2-8-2010  20:01:06           PAGE 10


LOC  OBJECT CODE     LINE SOURCE TEXT
  VALUE
 
NOT_BOR                           00000000
NOT_CS                            00000002
NOT_DONE                          00000001
NOT_MCLR                          00000003
NOT_PD                            00000002
NOT_POR                           00000001
NOT_RBPU                          00000007
NOT_RD                            00000000
NOT_RI                            00000004
NOT_SS                            00000005
NOT_T1SYNC                        00000002
NOT_T3SYNC                        00000002
NOT_TO                            00000003
NOT_W                             00000002
NOT_WR                            00000001
NOT_WRITE                         00000002
OBF                               00000006
OERR                              00000001
OSC1                              00000007
OSC2                              00000006
OSCCON                            00000FD3
OSCFIE                            00000007
OSCFIF                            00000007
OSCFIP                            00000007
OSCTUNE                           00000F9B
OSTS                              00000003
OV                                00000003
P                                 00000004
P1B                               00000005
P1C                               00000006
P1D                               00000007
P1M0                              00000006
P1M1                              00000007
PC                                00000FF9
PCFG0                             00000000
PCFG1                             00000001
PCFG2                             00000002
PCFG3                             00000003
PCL                               00000FF9
PCLATH                            00000FFA
PCLATU                            00000FFB
PD                                00000002
PDC0                              00000000
PDC1                              00000001
PDC2                              00000002
PDC3                              00000003
PDC4                              00000004
PDC5                              00000005
PDC6                              00000006
PEIE                              00000006
PEN                               00000002
PGC                               00000006
PGD                               00000007
PGM                               00000005
gpasm-0.13.7 beta               main.asm    2-8-2010  20:01:06           PAGE 11


LOC  OBJECT CODE     LINE SOURCE TEXT
  VALUE
 
PIE1                              00000F9D
PIE2                              00000FA0
PIR1                              00000F9E
PIR2                              00000FA1
PLLEN                             00000006
PLUSW0                            00000FEB
PLUSW1                            00000FE3
PLUSW2                            00000FDB
POR                               00000001
PORTA                             00000F80
PORTADEF                          00000020
PORTADIR                          000000DF
PORTB                             00000F81
PORTBDEF                          00000000
PORTBDIR                          000000FF
PORTC                             00000F82
PORTCDEF                          00000000
PORTCDIR                          000000FF
PORTD                             00000F83
PORTE                             00000F84
PORTEDEF                          00000000
PORTEDIR                          00000017
POSTDEC0                          00000FED
POSTDEC1                          00000FE5
POSTDEC2                          00000FDD
POSTINC0                          00000FEE
POSTINC1                          00000FE6
POSTINC2                          00000FDE
PR2                               00000FCB
PREINC0                           00000FEC
PREINC1                           00000FE4
PREINC2                           00000FDC
PROD                              00000FF3
PRODH                             00000FF4
PRODL                             00000FF3
PRSEN                             00000007
PSA                               00000003
PSP0                              00000000
PSP1                              00000001
PSP2                              00000002
PSP3                              00000003
PSP4                              00000004
PSP5                              00000005
PSP6                              00000006
PSP7                              00000007
PSPIE                             00000007
PSPIF                             00000007
PSPIP                             00000007
PSPMODE                           00000004
PSSAC0                            00000002
PSSAC1                            00000003
PSSBD0                            00000000
PSSBD1                            00000001
PWM1CON                           00000FB7
gpasm-0.13.7 beta               main.asm    2-8-2010  20:01:06           PAGE 12


LOC  OBJECT CODE     LINE SOURCE TEXT
  VALUE
 
P_CS                              00000002
P_INT                             00000005
P_RD                              00000000
P_RX                              00000007
P_TX                              00000006
P_WR                              00000001
R                                 00000002
RA0                               00000000
RA1                               00000001
RA2                               00000002
RA3                               00000003
RA4                               00000004
RA5                               00000005
RA6                               00000006
RA7                               00000007
RB0                               00000000
RB1                               00000001
RB2                               00000002
RB3                               00000003
RB4                               00000004
RB5                               00000005
RB6                               00000006
RB7                               00000007
RBIE                              00000003
RBIF                              00000000
RBIP                              00000000
RBPU                              00000007
RC0                               00000000
RC1                               00000001
RC2                               00000002
RC3                               00000003
RC4                               00000004
RC5                               00000005
RC6                               00000006
RC7                               00000007
RCEN                              00000003
RCIDL                             00000006
RCIE                              00000005
RCIF                              00000005
RCIP                              00000005
RCMT                              00000006
RCON                              00000FD0
RCREG                             00000FAE
RCSTA                             00000FAB
RD                                00000000
RD0                               00000000
RD1                               00000001
RD16                              00000007
RD2                               00000002
RD3                               00000003
RD4                               00000004
RD5                               00000005
RD6                               00000006
RD7                               00000007
gpasm-0.13.7 beta               main.asm    2-8-2010  20:01:06           PAGE 13


LOC  OBJECT CODE     LINE SOURCE TEXT
  VALUE
 
RE0                               00000000
RE1                               00000001
RE2                               00000002
RE3                               00000003
RI                                00000004
RSEN                              00000001
RX                                00000007
RX9                               00000006
RX9D                              00000000
RXDTP                             00000005
R_W                               00000002
S                                 00000003
SBOREN                            00000006
SCK                               00000003
SCKP                              00000004
SCL                               00000003
SCS0                              00000000
SCS1                              00000001
SDA                               00000004
SDI                               00000004
SDO                               00000005
SEN                               00000000
SENDB                             00000003
SMP                               00000007
SP0                               00000000
SP1                               00000001
SP2                               00000002
SP3                               00000003
SP4                               00000004
SPBRG                             00000FAF
SPBRGH                            00000FB0
SPEN                              00000007
SREN                              00000005
SS                                00000005
SSPADD                            00000FC8
SSPBUF                            00000FC9
SSPCON1                           00000FC6
SSPCON2                           00000FC5
SSPEN                             00000005
SSPIE                             00000003
SSPIF                             00000003
SSPIP                             00000003
SSPM0                             00000000
SSPM1                             00000001
SSPM2                             00000002
SSPM3                             00000003
SSPOV                             00000006
SSPSTAT                           00000FC7
STATUS                            00000FD8
STKFUL                            00000007
STKOVF                            00000007
STKPTR                            00000FFC
STKUNF                            00000006
SWDTE                             00000000
gpasm-0.13.7 beta               main.asm    2-8-2010  20:01:06           PAGE 14


LOC  OBJECT CODE     LINE SOURCE TEXT
  VALUE
 
SWDTEN                            00000000
SYNC                              00000004
T08BIT                            00000006
T0CKI                             00000004
T0CON                             00000FD5
T0CS                              00000005
T0IE                              00000005
T0IF                              00000002
T0PS0                             00000000
T0PS1                             00000001
T0PS2                             00000002
T0SE                              00000004
T13CKI                            00000000
T1CKI                             00000000
T1CKPS0                           00000004
T1CKPS1                           00000005
T1CON                             00000FCD
T1OSCEN                           00000003
T1OSI                             00000001
T1OSO                             00000000
T1RUN                             00000006
T1SYNC                            00000002
T2CKPS0                           00000000
T2CKPS1                           00000001
T2CON                             00000FCA
T2OUTPS0                          00000003
T2OUTPS1                          00000004
T2OUTPS2                          00000005
T2OUTPS3                          00000006
T3CCP1                            00000003
T3CCP2                            00000006
T3CKPS0                           00000004
T3CKPS1                           00000005
T3CON                             00000FB1
T3SYNC                            00000002
TABLAT                            00000FF5
TBLPTR                            00000FF6
TBLPTRH                           00000FF7
TBLPTRL                           00000FF6
TBLPTRU                           00000FF8
TMR0H                             00000FD7
TMR0IE                            00000005
TMR0IF                            00000002
TMR0IP                            00000002
TMR0L                             00000FD6
TMR0ON                            00000007
TMR1CS                            00000001
TMR1H                             00000FCF
TMR1IE                            00000000
TMR1IF                            00000000
TMR1IP                            00000000
TMR1L                             00000FCE
TMR1ON                            00000000
TMR2                              00000FCC
gpasm-0.13.7 beta               main.asm    2-8-2010  20:01:06           PAGE 15


LOC  OBJECT CODE     LINE SOURCE TEXT
  VALUE
 
TMR2IE                            00000001
TMR2IF                            00000001
TMR2IP                            00000001
TMR2ON                            00000002
TMR3CS                            00000001
TMR3H                             00000FB3
TMR3IE                            00000001
TMR3IF                            00000001
TMR3IP                            00000001
TMR3L                             00000FB2
TMR3ON                            00000000
TO                                00000003
TOS                               00000FFD
TOSH                              00000FFE
TOSL                              00000FFD
TOSU                              00000FFF
TRISA                             00000F92
TRISA0                            00000000
TRISA1                            00000001
TRISA2                            00000002
TRISA3                            00000003
TRISA4                            00000004
TRISA5                            00000005
TRISA6                            00000006
TRISA7                            00000007
TRISB                             00000F93
TRISB0                            00000000
TRISB1                            00000001
TRISB2                            00000002
TRISB3                            00000003
TRISB4                            00000004
TRISB5                            00000005
TRISB6                            00000006
TRISB7                            00000007
TRISC                             00000F94
TRISC0                            00000000
TRISC1                            00000001
TRISC2                            00000002
TRISC3                            00000003
TRISC4                            00000004
TRISC5                            00000005
TRISC6                            00000006
TRISC7                            00000007
TRISD                             00000F95
TRISD0                            00000000
TRISD1                            00000001
TRISD2                            00000002
TRISD3                            00000003
TRISD4                            00000004
TRISD5                            00000005
TRISD6                            00000006
TRISD7                            00000007
TRISE                             00000F96
TRISE0                            00000000
gpasm-0.13.7 beta               main.asm    2-8-2010  20:01:06           PAGE 16


LOC  OBJECT CODE     LINE SOURCE TEXT
  VALUE
 
TRISE1                            00000001
TRISE2                            00000002
TRMT                              00000001
TUN0                              00000000
TUN1                              00000001
TUN2                              00000002
TUN3                              00000003
TUN4                              00000004
TX                                00000006
TX9                               00000006
TX9D                              00000000
TXCKP                             00000004
TXEN                              00000005
TXIE                              00000004
TXIF                              00000004
TXIP                              00000004
TXREG                             00000FAD
TXSTA                             00000FAC
UA                                00000001
VCFG0                             00000004
VCFG1                             00000005
VDIRMAG                           00000007
VPP                               00000003
VREFN                             00000002
VREFP                             00000003
W                                 00000000
WCOL                              00000007
WDTCON                            00000FD1
WR                                00000001
WREG                              00000FE8
WREN                              00000002
WRERR                             00000003
WUE                               00000001
Z                                 00000002
_BOREN_NOSLP_2L                   000000FD
_BOREN_OFF_2L                     000000F9
_BOREN_ON_2L                      000000FB
_BOREN_SBORDIS_2L                 000000FF
_BORV_0_2L                        000000E7
_BORV_1_2L                        000000EF
_BORV_2_2L                        000000F7
_BORV_3_2L                        000000FF
_CCP2MX_PORTBE_3H                 000000FE
_CCP2MX_PORTC_3H                  000000FF
_CONFIG1H                         00300001
_CONFIG2H                         00300003
_CONFIG2L                         00300002
_CONFIG3H                         00300005
_CONFIG4L                         00300006
_CONFIG5H                         00300009
_CONFIG5L                         00300008
_CONFIG6H                         0030000B
_CONFIG6L                         0030000A
_CONFIG7H                         0030000D
gpasm-0.13.7 beta               main.asm    2-8-2010  20:01:06           PAGE 17


LOC  OBJECT CODE     LINE SOURCE TEXT
  VALUE
 
_CONFIG7L                         0030000C
_CP0_OFF_5L                       000000FF
_CP0_ON_5L                        000000FE
_CP1_OFF_5L                       000000FF
_CP1_ON_5L                        000000FD
_CP2_OFF_5L                       000000FF
_CP2_ON_5L                        000000FB
_CP3_OFF_5L                       000000FF
_CP3_ON_5L                        000000F7
_CPB_OFF_5H                       000000FF
_CPB_ON_5H                        000000BF
_CPD_OFF_5H                       000000FF
_CPD_ON_5H                        0000007F
_DEBUG_OFF_4L                     000000FF
_DEBUG_ON_4L                      0000007F
_DEVID1                           003FFFFE
_DEVID2                           003FFFFF
_EBTR0_OFF_7L                     000000FF
_EBTR0_ON_7L                      000000FE
_EBTR1_OFF_7L                     000000FF
_EBTR1_ON_7L                      000000FD
_EBTR2_OFF_7L                     000000FF
_EBTR2_ON_7L                      000000FB
_EBTR3_OFF_7L                     000000FF
_EBTR3_ON_7L                      000000F7
_EBTRB_OFF_7H                     000000FF
_EBTRB_ON_7H                      000000BF
_FCMEN_OFF_1H                     000000BF
_FCMEN_ON_1H                      000000FF
_IDLOC0                           00200000
_IDLOC1                           00200001
_IDLOC2                           00200002
_IDLOC3                           00200003
_IDLOC4                           00200004
_IDLOC5                           00200005
_IDLOC6                           00200006
_IDLOC7                           00200007
_IESO_OFF_1H                      0000007F
_IESO_ON_1H                       000000FF
_LPT1OSC_OFF_3H                   000000FB
_LPT1OSC_ON_3H                    000000FF
_LVP_OFF_4L                       000000FB
_LVP_ON_4L                        000000FF
_MCLRE_OFF_3H                     0000007F
_MCLRE_ON_3H                      000000FF
_OSC_ECIO6_1H                     000000F5
_OSC_EC_1H                        000000F4
_OSC_HSPLL_1H                     000000F6
_OSC_HS_1H                        000000F2
_OSC_INTIO67_1H                   000000F8
_OSC_INTIO7_1H                    000000F9
_OSC_LP_1H                        000000F0
_OSC_RCIO6_1H                     000000F7
_OSC_RC_1H                        000000F3
gpasm-0.13.7 beta               main.asm    2-8-2010  20:01:06           PAGE 18


LOC  OBJECT CODE     LINE SOURCE TEXT
  VALUE
 
_OSC_XT_1H                        000000F1
_PBADEN_OFF_3H                    000000FD
_PBADEN_ON_3H                     000000FF
_PWRT_OFF_2L                      000000FF
_PWRT_ON_2L                       000000FE
_STVREN_OFF_4L                    000000FE
_STVREN_ON_4L                     000000FF
_WDTPS_1024_2H                    000000F5
_WDTPS_128_2H                     000000EF
_WDTPS_16384_2H                   000000FD
_WDTPS_16_2H                      000000E9
_WDTPS_1_2H                       000000E1
_WDTPS_2048_2H                    000000F7
_WDTPS_256_2H                     000000F1
_WDTPS_2_2H                       000000E3
_WDTPS_32768_2H                   000000FF
_WDTPS_32_2H                      000000EB
_WDTPS_4096_2H                    000000F9
_WDTPS_4_2H                       000000E5
_WDTPS_512_2H                     000000F3
_WDTPS_64_2H                      000000ED
_WDTPS_8192_2H                    000000FB
_WDTPS_8_2H                       000000E7
_WDT_OFF_2H                       000000FE
_WDT_ON_2H                        000000FF
_WRT0_OFF_6L                      000000FF
_WRT0_ON_6L                       000000FE
_WRT1_OFF_6L                      000000FF
_WRT1_ON_6L                       000000FD
_WRT2_OFF_6L                      000000FF
_WRT2_ON_6L                       000000FB
_WRT3_OFF_6L                      000000FF
_WRT3_ON_6L                       000000F7
_WRTB_OFF_6H                      000000FF
_WRTB_ON_6H                       000000BF
_WRTC_OFF_6H                      000000FF
_WRTC_ON_6H                       000000DF
_WRTD_OFF_6H                      000000FF
_WRTD_ON_6H                       0000007F
_XINST_OFF_4L                     000000BF
_XINST_ON_4L                      000000FF
__18F4520                         00000001
exit_interrupt                    00000036
init                              00000038
interrupt                         00000008
main                              0000006E
psp_rd_int                        00000012
serial_rx_int                     0000002A
DDRA                              TRISA
DDRB                              TRISB
DDRC                              TRISC
DDRD                              TRISD
DDRE                              TRISE


Errors   :       0
Warnings :       0 reported,      10 suppressed
Messages :       0 reported,       0 suppressed

