gpasm-0.13.7 beta               ps2.asm     2-25-2010  00:38:49          PAGE  1


LOC  OBJECT CODE     LINE SOURCE TEXT
  VALUE
 
               00001 ;-------------------------------------------------------------------------------
               00002 ;
               00003 ; ps2.asm - PS/2 Keyboard driver and buffer firmware - PS/2 communication
               00004 ;           routines for Z80 project Mark 2
               00005 ; File Version 1.0 - 23 Feb 2010
               00006 ; hairymnstr@gmail.com
               00007 ;
               00008 ; Copyright (C) 2010  Nathan Dumont
               00009 ;
               00010 ; This program is free software: you can redistribute it and/or modify
               00011 ; it under the terms of the GNU General Public License as published by
               00012 ; the Free Software Foundation, either version 3 of the License, or
               00013 ; (at your option) any later version.
               00014 ;
               00015 ; This program is distributed in the hope that it will be useful,
               00016 ; but WITHOUT ANY WARRANTY; without even the implied warranty of
               00017 ; MERCHANTABILITY or FITNESS FOR A PARTICULAR PURPOSE.  See the
               00018 ; GNU General Public License for more details.
               00019 ;
               00020 ; You should have received a copy of the GNU General Public License
               00021 ; along with this program.  If not, see <http://www.gnu.org/licenses/>.
               00022 ;
               00023 ;-------------------------------------------------------------------------------
               00024 
               00025 list p=18f4520
               00026 include <p18f4520.inc>
               00001         LIST
               00002 
               00003 ;==========================================================================
               00004 ;  MPASM PIC18F4520 processor include
               00005 ; 
               00006 ;  (c) Copyright 1999-2007 Microchip Technology, All rights reserved
               00007 ;==========================================================================
               00008 
               01336         LIST
               00027 include <portpins.inc>
               00001 ;== PORT Definitions ==========================================================
               00002 
               00003 ;-- PORT A --------------------------------------------------------------------
               00004 
  00000000     00005 P_READY         EQU     0
  00000001     00006 P_FOUND         EQU     1
  00000005     00007 P_INT           EQU     5
               00008 
  00000023     00009 PORTADEF        EQU     b'00100011'
  000000DC     00010 PORTADIR        EQU     b'11011100'
               00011 
               00012 ;-- PORT B --------------------------------------------------------------------
               00013 
  00000000     00014 PORTBDEF        EQU     b'00000000'
  0000007F     00015 PORTBDIR        EQU     b'01111111'
               00016 
               00017 ;-- PORT C --------------------------------------------------------------------
               00018 
gpasm-0.13.7 beta               ps2.asm     2-25-2010  00:38:49          PAGE  2


LOC  OBJECT CODE     LINE SOURCE TEXT
  VALUE
 
  00000006     00019 P_TX            EQU     6
  00000007     00020 P_RX            EQU     7
               00021 
  00000000     00022 PORTCDEF        EQU     b'00000000'
  000000FF     00023 PORTCDIR        EQU     b'11111111'
               00024 
               00025 ;-- PORT E --------------------------------------------------------------------
               00026 
  00000000     00027 P_RD            EQU     0
  00000001     00028 P_WR            EQU     1
  00000002     00029 P_CS            EQU     2
               00030 
  00000017     00031 PORTEDIR        EQU     b'00010111'
  00000000     00032 PORTEDEF        EQU     b'00000000'
               00033 
               00034 ;-- ADC PINS -------------------------------------------------------------------
               00035 
  0000000F     00036 ADCONDEF        EQU     b'00001111'
               00037 
               00038 ;== FLAG BIT DEFINITIONS =======================================================
               00039 
               00040 ; flags
  00000000     00041 scroll_flag             equ     0
  00000001     00042 num_flag                equ     1
  00000002     00043 caps_flag               equ     2
  00000003     00044 shift_flag              equ     3
  00000004     00045 release_flag            equ     4
  00000005     00046 talking_flag            equ     5
  00000006     00047 send_failed_flag        equ     6
  00000007     00048 special_flag            equ     7
               00049 
               00050 ; txflags
  00000000     00051 ack_flag                equ     0
  00000001     00052 resend_flag             equ     1
  00000002     00053 pause_flag              equ     2
  00000003     00054 send_release_flag       equ     3
  00000004     00028 
               00029 ; -- Externals from hostbus.asm ------------------------------------------------
               00030 
               00031     EXTERN      hostbus_push
               00032 
               00033 ; -- Externals from translation.asm --------------------------------------------
               00034 
               00035     EXTERN      translate_key
               00036 
               00037     UDATA
               00038 bit_count               res     1
               00039 txreg                   res     1
               00040 rxreg                   res     1
               00041 ps2_send_val_temp       res     1
               00042 ps2_send_ptr_temp       res     1
               00043 ps2_timeout_reg         res     1
               00044 ps2_send_count          res     1
               00045 
gpasm-0.13.7 beta               ps2.asm     2-25-2010  00:38:49          PAGE  3


LOC  OBJECT CODE     LINE SOURCE TEXT
  VALUE
 
               00046 flags                   res     1
               00047 txflags                 res     1
               00048 
               00049 count                   res     3
               00050 
               00051 parity                  res     1
  00000000     00052 parity_flag             equ     0
               00053 
               00054     CODE
               00055 
               00056 ;===============================================================================
               00057 ; ps2_init - setup interrupts and counter/timers
               00058 ;===============================================================================
               00059 
               00060 ;; Called at boot to initialise all the flags registers, bit counters and 
               00061 ;; interrupts used by the PS/2 communication routines
               00062 
0000 00063 ps2_init
0000 0E02      00064   movlw         0x02
0002 6EDA      00065   movwf         FSR2H                   ; initialise send buffer pointer
0004 0E01      00066   movlw         0x01
0006 6EE2      00067   movwf         FSR1H
0008 6EEA      00068   movwf         FSR0H
               00069 
000A 6AE9      00070   clrf          FSR0L
000C 6AE1      00071   clrf          FSR1L
000E 6AD9      00072   clrf          FSR2L
               00073 
0010 6A00      00074   clrf          ps2_send_count
               00075 
0012 6A00      00076   clrf          bit_count
               00077 
0014 0E42      00078   movlw         b'01000010'
0016 6ED5      00079   movwf         T0CON                   ; setup for interrupt ~5kHz
0018 6AD6      00080   clrf          TMR0L
               00081 
               00082   ; set the default flags
001A 0E02      00083   movlw         b'00000010'
001C 6E00      00084   movwf         flags
               00085 
001E 9CF1      00086   bcf           INTCON2, INTEDG0        ; interrupt on falling edge on RB0
               00087 
0020 88F2      00088   bsf           INTCON, INT0IE
0022 8AF2      00089   bsf           INTCON, TMR0IE
0024 94F2      00090   bcf           INTCON, TMR0IF
0026 92F2      00091   bcf           INTCON, INT0IF
               00092 
0028 0012      00093   return
               00094 
               00095 ;===============================================================================
               00096 ; ps2_keyboard_init - intialise the keyboard (reset and LEDs etc.)
               00097 ;===============================================================================
               00098 
               00099 ;; This is a main loop function that waits for the keyboard to send a successful
gpasm-0.13.7 beta               ps2.asm     2-25-2010  00:38:49          PAGE  4


LOC  OBJECT CODE     LINE SOURCE TEXT
  VALUE
 
               00100 ;; startup message.  If it does not within ~1 second of entering the routine, a
               00101 ;; reset message is sent to the keyboard and the timeout begins again.\\
               00102 ;; Once the keyboard is started the LEDs are set to the default state.
               00103 
002A 00104 ps2_keyboard_init
               00105   ; setup timer1 for 1 second overflow
002A 0E31      00106   movlw         b'00110001'             ; enable TMR1 1:8 prescale
002C 6ECD      00107   movwf         T1CON
               00108 
               00109   ; means it will overflow 19.07 times in a second
002E 0E20      00110   movlw         0x20
0030 6E00      00111   movwf         ps2_timeout_reg
               00112 
0032 00113 ps2_keyboard_wait
0032 A289      00114   btfss         LATA, P_FOUND           ; see if the keyboard has been found
0034 D000      00115   bra           ps2_keyboard_init_done  ; disable timer and exit
               00116 
               00117   ; not found yet, wait for timeout
0036 B09E      00118   btfsc         PIR1, TMR1IF
0038 D000      00119   bra           ps2_keyboard_wait
               00120   ; timer overflowed
003A 909E      00121   bcf           PIR1, TMR1IF            ; clear flag
003C 2E00      00122   decfsz        ps2_timeout_reg, f      ; keep count of how many times it has
003E D000      00123   bra           ps2_keyboard_wait
               00124 
0040 EC00 F000 00125   call          ps2_wait_to_talk
0044 A289      00126   btfss         LATA, P_FOUND
0046 D000      00127   bra           ps2_keyboard_init_done  ; exit if it got through at the last min
0048 0EFF      00128   movlw         0xFF
004A EC00 F000 00129   call          ps2_start_talking
               00130 
004E D000      00131   bra           ps2_keyboard_init       ; go back to waiting (reset to 1 sec
               00132 
0050 00133 ps2_keyboard_init_done
               00134   ; clear any active_flags
0050 0E02      00135   movlw         b'00000010'
0052 6E00      00136   movwf         flags
               00137 
0054 0E10      00138   movlw         b'00010000'
0056 6E00      00139   movwf         txflags
               00140 
               00141   ; send LEDs
0058 0EED      00142   movlw         0xED
005A EC00 F000 00143   call          ps2_queue_send
               00144 
005E 0E07      00145   movlw         0x07
0060 1400      00146   andwf         flags, w
0062 EC00 F000 00147   call          ps2_queue_send
               00148 
               00149   ; all done go back to main
0066 0012      00150   return
               00151 
               00152 ;===============================================================================
               00153 ; ps2_timer_int - service a timer interrupt used in the PS/2 comms
gpasm-0.13.7 beta               ps2.asm     2-25-2010  00:38:49          PAGE  5


LOC  OBJECT CODE     LINE SOURCE TEXT
  VALUE
 
               00154 ;===============================================================================
               00155 
               00156 ;; The timer interrupt is used as a watchdog for serial comms, if a bit 
               00157 ;; transition is expected but doesn't arrive after a certain time the receiver
               00158 ;; is reset, this can cope with noise on the line such as connecting the
               00159 ;; keyboard after boot.  The timer is also used in initialising host to device
               00160 ;; communication which requires a timed initialisation phase.
               00161 
0068 00162 ps2_timer_int
               00163   ; called if Timer0 overflows.  This means that there wasn't a bit edge in time
               00164   ; alternatively that we've initiated host->device comms
0068 BA00      00165   btfsc         flags, talking_flag
006A EF00 F000 00166   goto          timeout_talking
               00167   ; just a timeout.  Set all registers back to zero
006E 6A00      00168   clrf          bit_count
0070 6A00      00169   clrf          rxreg
0072 9ED5      00170   bcf           T0CON, TMR0ON           ; disable the timeout until the next
               00171                                         ; start bit
0074 94F2      00172   bcf           INTCON, TMR0IF
0076 0012      00173   return
               00174 
0078 00175 timeout_talking
               00176   ; Timer0 overflowed, but this is the start of the talking routine
0078 0E00      00177   movlw         0x00
007A 1800      00178   xorwf         bit_count,w
007C E000      00179   bz            timeout_start_talking
               00180   ; it's a timeout in some other part of the talk routine.  set send_failed_flag
               00181   ; and clear up
007E 8C00      00182   bsf           flags, send_failed_flag
0080 9A00      00183   bcf           flags, talking_flag
0082 9ED5      00184   bcf           T0CON, TMR0ON           ; disable the timer again
0084 8293      00185   bsf           TRISB,1                 ; make sure the data pin is an input!
0086 6A00      00186   clrf          bit_count
0088 6A00      00187   clrf          txreg
008A 94F2      00188   bcf           INTCON, TMR0IF          ; clear the interrupt flag
008C 0012      00189   return
               00190 
008E 00191 timeout_start_talking
               00192   ; just finished the "I want to talk signal"
               00193   ; initialise the parity counter for odd parity
008E 8000      00194   bsf           parity, parity_flag
               00195   ; set data as output
0090 9293      00196   bcf           TRISB, 1
0092 0E14      00197   movlw         d'20'
0094 6E00      00198   movwf         count
0096 00199 timeout_wait_loop
0096 2E00      00200   decfsz        count,f
0098 D000      00201   bra           timeout_wait_loop
               00202   ; set clock as input
009A 8093      00203   bsf           TRISB, 0
               00204   ; clear the edge interrupt flag
009C 92F2      00205   bcf           INTCON, INT0IF
               00206   ; enable the edge interrupt again
009E 88F2      00207   bsf           INTCON, INT0IE
gpasm-0.13.7 beta               ps2.asm     2-25-2010  00:38:49          PAGE  6


LOC  OBJECT CODE     LINE SOURCE TEXT
  VALUE
 
               00208   ; increment the bit counter because that data bit is the start bit
00A0 2A00      00209   incf          bit_count,f
               00210   ; re-enable the timer overflow interrupt
00A2 94F2      00211   bcf           INTCON, TMR0IF
00A4 9ED5      00212   bcf           T0CON, TMR0ON
00A6 6AD6      00213   clrf          TMR0L
               00214   ; leave the interrupt
00A8 0012      00215   return
               00216 
               00217 ;===============================================================================
               00218 ; ps2_edge_int - an edge on the clock line caused interrupt
               00219 ;===============================================================================
               00220 
               00221 ;; Triggered by a falling edge on the clock line, means we need to read or
               00222 ;; write a bit from/to the keyboard.
               00223 
00AA 00224 ps2_edge_int
               00225   ; a falling edge on the keyboard clock save the bit
00AA 8ED5      00226   bsf           T0CON, TMR0ON           ; enable timeout counter
00AC 0E00      00227   movlw         d'0'                    ; startbit
00AE 1800      00228   xorwf         bit_count,w
00B0 E000      00229   bz            edge_event_start
00B2 0E09      00230   movlw         d'9'                    ; parity bit
00B4 1800      00231   xorwf         bit_count,w
00B6 E000      00232   bz            edge_event_parity
00B8 0E0A      00233   movlw         d'10'                   ; stop bit
00BA 1800      00234   xorwf         bit_count,w
00BC E000      00235   bz            edge_event_stop
00BE 0E0B      00236   movlw         d'11'                   ; ack bit in tx mode only
00C0 1800      00237   xorwf         bit_count,w
00C2 E000      00238   bz            edge_event_ack
               00239 
               00240   ; otherwise it's a data bit
               00241   ; see if we're in talk or listen mode
00C4 BA00      00242   btfsc         flags, talking_flag
00C6 D000      00243   bra           edge_event_send_bit
               00244   ; listening so clock in a bit
00C8 4200      00245   rrncf         rxreg,f
00CA 9E00      00246   bcf           rxreg,7
00CC B281      00247   btfsc         PORTB, 1
00CE 8E00      00248   bsf           rxreg,7
00D0 EF00 F000 00249   goto          edge_event_exit
               00250 
00D4 00251 edge_event_send_bit
00D4 B000      00252   btfsc         txreg,0
00D6 8293      00253   bsf           TRISB, 1        ; only one of these will run but it avoids
00D8 A000      00254   btfss         txreg,0         ; 'glitching' the hardware line with a clear-set
00DA 9293      00255   bcf           TRISB, 1
00DC B000      00256   btfsc         txreg,0
00DE 7000      00257   btg           parity,parity_flag  ; don't forget the parity bit
00E0 4200      00258   rrncf         txreg,f         ; rotate the register to put the next bit at 0
00E2 EF00 F000 00259   goto          edge_event_exit ; all done
               00260 
00E6 00261 edge_event_stop
gpasm-0.13.7 beta               ps2.asm     2-25-2010  00:38:49          PAGE  7


LOC  OBJECT CODE     LINE SOURCE TEXT
  VALUE
 
               00262   ; if we got this far it's the stop bit
               00263   ; see if we need to receive or send
00E6 BA00      00264   btfsc         flags, talking_flag
00E8 D000      00265   bra           edge_event_send_stop
00EA 9ED5      00266   bcf           T0CON, TMR0ON           ; turn off the timer
00EC 6800      00267   setf          bit_count               ; clear the bit count for the next one
00EE 5000      00268   movf          rxreg, w
00F0 EC00 F000 00269   call          translate_key
00F4 EF00 F000 00270   goto          edge_event_exit
               00271   ; do some translation here
               00272 
00F8 00273 edge_event_send_stop
               00274   ; need to send the stop bit
00F8 8293      00275   bsf           TRISB, 1                ; set data as HIGH-Z
               00276   ; not quite done, need to wait for an ack as well
00FA EF00 F000 00277   goto          edge_event_exit
               00278 
00FE 00279 edge_event_start
               00280   ; only do this on receive
00FE 6A00      00281   clrf          rxreg
0100 8ED5      00282   bsf           T0CON, TMR0ON           ; enable the timeout function
0102 EF00 F000 00283   goto          edge_event_exit
               00284 
0106 00285 edge_event_parity
               00286   ; only care when we're talking but need to check this
0106 AA00      00287   btfss         flags, talking_flag
0108 EF00 F000 00288   goto          edge_event_exit
               00289   ; okay so we're talking, send the parity bit
010C A000      00290   btfss         parity, parity_flag
010E 9293      00291   bcf           TRISB,1
0110 B000      00292   btfsc         parity, parity_flag
0112 8293      00293   bsf           TRISB,1
               00294   ; all done
0114 EF00 F000 00295   goto          edge_event_exit
               00296 
0118 00297 edge_event_ack
               00298   ; this is the acknowledge from the keyboard when we've just sent a byte
0118 B281      00299   btfsc         PORTB,1
011A D000      00300   bra           edge_event_ack_error    ; should have been low
               00301   ; all done transmitting, clear the flags and tidy up
011C 9ED5      00302   bcf           T0CON, TMR0ON           ; stop the timer
011E 6800      00303   setf          bit_count               ; reset the bit counter
0120 9A00      00304   bcf           flags, talking_flag     ; exit talking mode
0122 6A00      00305   clrf          txreg
0124 EF00 F000 00306   goto          edge_event_exit
               00307 
0128 00308 edge_event_ack_error
               00309   ; all went wrong somewhere, set send_failed bit and clear the status
0128 8C00      00310   bsf           flags, send_failed_flag
012A 9A00      00311   bcf           flags, talking_flag
012C 6800      00312   setf          bit_count
012E 9ED5      00313   bcf           T0CON, TMR0ON
0130 6A00      00314   clrf          txreg
0132 EF00 F000 00315   goto          edge_event_exit
gpasm-0.13.7 beta               ps2.asm     2-25-2010  00:38:49          PAGE  8


LOC  OBJECT CODE     LINE SOURCE TEXT
  VALUE
 
               00316 
0136 00317 edge_event_exit
0136 2A00      00318   incf          bit_count,f
0138 6AD6      00319   clrf          TMR0L                   ; clear the timeout counter
013A 92F2      00320   bcf           INTCON, INT0IF
013C 0012      00321   return
               00322 
               00323 ;===============================================================================
               00324 ; ps2_queue_send - queue a byte to be sent to the keyboard
               00325 ;===============================================================================
               00326 
               00327 ;; This can be called with a byte in WREG to send to the keyboard (e.g. 0xED
               00328 ;; then the LED setting to change LED state).  The byte is queued in an internal
               00329 ;; buffer and sent once there are no ongoing transmissions.
               00330 
013E 00331 ps2_queue_send
               00332   ; this can be called in interrupt so need to save the current pointer
013E 6E00      00333   movwf         ps2_send_val_temp
0140 50D9      00334   movf          FSR2L,w
0142 6E00      00335   movwf         ps2_send_ptr_temp
               00336 
0144 0E00      00337   movlw         0x00
0146 1800      00338   xorwf         ps2_send_count, w        ; see if there are any bytes queued
0148 E000      00339   bz            ps2_queue_send_save_here ; if not save straight away
               00340 
               00341   ; at least one byte queued, increment pointer until we're past the byte
014A 00342 ps2_queue_send_loop
014A 2AD9      00343   incf          FSR2L, f
014C 2EE8      00344   decfsz        WREG, f
014E D000      00345   bra           ps2_queue_send_loop
               00346 
0150 00347 ps2_queue_send_save_here
0150 5000      00348   movf          ps2_send_val_temp, w
0152 6EDF      00349   movwf         INDF2
               00350 
0154 2A00      00351   incf          ps2_send_count,f         ; increment bytes to send reference
               00352 
               00353   ; return the pointer to where it was
0156 5000      00354   movf          ps2_send_ptr_temp, w
0158 6ED9      00355   movwf         FSR2L
015A 0012      00356   return
               00357 
               00358 ;===============================================================================
               00359 ; ps2_send_bytes - send any queued bytes if the line is clear
               00360 ;===============================================================================
               00361 
               00362 ;; If there are any bytes to send to the keyboard in the send buffer, send them
               00363 ;; as soon as the line is clear.  Then wait for a response (ACK or RESEND) and
               00364 ;; deal with it, if it's ACK, dump the sent byte and shift the buffer and return
               00365 
015C 00366 ps2_send_bytes
               00367   ; keep looking for bytes to send, and then to see if it's safe to send them
015C 0E00      00368   movlw         0x00
015E 1800      00369   xorwf         ps2_send_count,w
gpasm-0.13.7 beta               ps2.asm     2-25-2010  00:38:49          PAGE  9


LOC  OBJECT CODE     LINE SOURCE TEXT
  VALUE
 
0160 B4D8      00370   btfsc         STATUS, Z
0162 0012      00371   return                                ; no bytes to send
               00372 
0164 00373 ps2_send_bytes_resend
0164 9200      00374   bcf           txflags, resend_flag
0166 EC00 F000 00375   call          ps2_wait_to_talk
               00376   ; safe to send
016A 50DF      00377   movf          INDF2, w
016C EC00 F000 00378   call          ps2_start_talking
               00379   ; now wait for an ack
0170 00380 ps2_send_bytes_wait
0170 0E03      00381   movlw         0x03
0172 1400      00382   andwf         txflags, w
0174 E000      00383   bz            ps2_send_bytes_wait
               00384 
               00385   ; got a response
0176 A000      00386   btfss         txflags, ack_flag
               00387   ; was a resend request
0178 D000      00388   bra           ps2_send_bytes_resend
               00389 
               00390   ; dec the byte count and move the pointer on
               00391 
017A 2AD9      00392   incf          FSR2L, f
017C 0600      00393   decf          ps2_send_count, f
               00394 
017E 9000      00395   bcf           txflags, ack_flag
0180 9200      00396   bcf           txflags, resend_flag    ; make sure they're both clear
               00397 
0182 0012      00398   return                                ; return to main
               00399 
0184 00400 ps2_wait_to_talk
0184 0E00      00401   movlw         0x00
0186 1800      00402   xorwf         bit_count,w             ; see if we're already receiving  
0188 E100      00403   bnz           ps2_wait_to_talk        ; wait for a gap
018A 0012      00404   return
               00405 
018C 00406 ps2_start_talking
018C 6E00      00407   movwf         txreg
               00408   ; turn off the edge interrupt for a bit
018E 98F2      00409   bcf           INTCON, INT0IE
               00410   ; set the clock pin to output (drive the line low)
0190 9093      00411   bcf           TRISB, 0
               00412   ; clear timer 0 for a ~200uS delay, longer than the 100uS minimum
0192 6AD6      00413   clrf          TMR0L
               00414   ; start the timer to do the startup delay
0194 8ED5      00415   bsf           T0CON, TMR0ON
               00416   ; set the flag to say we're in talk mode
0196 8A00      00417   bsf           flags, talking_flag
0198 0012      00418   return
               00419 
               00420 ;-- Export the global functions and registers ----------------------------------
               00421 
               00422     GLOBAL      ps2_init
               00423     GLOBAL      ps2_keyboard_init
gpasm-0.13.7 beta               ps2.asm     2-25-2010  00:38:49          PAGE 10


LOC  OBJECT CODE     LINE SOURCE TEXT
  VALUE
 
               00424     GLOBAL      ps2_timer_int
               00425     GLOBAL      ps2_edge_int
               00426     GLOBAL      ps2_queue_send
               00427     GLOBAL      ps2_send_bytes
               00428 
               00429     GLOBAL      flags
               00430     GLOBAL      txflags
               00431 
gpasm-0.13.7 beta               ps2.asm     2-25-2010  00:38:49          PAGE 11


SYMBOL TABLE
  LABEL                             VALUE 

A                                 00000000
ABDEN                             00000000
ABDOVF                            00000007
ACCESS                            00000000
ACKDT                             00000005
ACKEN                             00000004
ACKSTAT                           00000006
ACQT0                             00000003
ACQT1                             00000004
ACQT2                             00000005
ADCON0                            00000FC2
ADCON1                            00000FC1
ADCON2                            00000FC0
ADCONDEF                          0000000F
ADCS0                             00000000
ADCS1                             00000001
ADCS2                             00000002
ADDEN                             00000003
ADEN                              00000003
ADFM                              00000007
ADIE                              00000006
ADIF                              00000006
ADIP                              00000006
ADON                              00000000
ADRES                             00000FC3
ADRESH                            00000FC4
ADRESL                            00000FC3
AN0                               00000000
AN1                               00000001
AN10                              00000001
AN11                              00000004
AN12                              00000000
AN2                               00000002
AN3                               00000003
AN4                               00000005
AN5                               00000000
AN6                               00000001
AN7                               00000002
AN8                               00000002
AN9                               00000003
BANKED                            00000001
BAUDCON                           00000FB8
BAUDCTL                           00000FB8
BCLIE                             00000003
BCLIF                             00000003
BCLIP                             00000003
BF                                00000000
BGST                              00000005
BOR                               00000000
BRG16                             00000003
BRGH                              00000002
BSR                               00000FE0
C                                 00000000
gpasm-0.13.7 beta               ps2.asm     2-25-2010  00:38:49          PAGE 12


LOC  OBJECT CODE     LINE SOURCE TEXT
  VALUE
 
C1INV                             00000004
C1OUT                             00000006
C2INV                             00000005
C2OUT                             00000007
CCP1                              00000002
CCP1CON                           00000FBD
CCP1IE                            00000002
CCP1IF                            00000002
CCP1IP                            00000002
CCP1M0                            00000000
CCP1M1                            00000001
CCP1M2                            00000002
CCP1M3                            00000003
CCP1X                             00000005
CCP1Y                             00000004
CCP2CON                           00000FBA
CCP2IE                            00000000
CCP2IF                            00000000
CCP2IP                            00000000
CCP2M0                            00000000
CCP2M1                            00000001
CCP2M2                            00000002
CCP2M3                            00000003
CCP2X                             00000005
CCP2Y                             00000004
CCP2_PORTB                        00000003
CCP2_PORTC                        00000001
CCPR1                             00000FBE
CCPR1H                            00000FBF
CCPR1L                            00000FBE
CCPR2                             00000FBB
CCPR2H                            00000FBC
CCPR2L                            00000FBB
CFGS                              00000006
CHS0                              00000002
CHS1                              00000003
CHS2                              00000004
CHS3                              00000005
CIS                               00000003
CK                                00000006
CKE                               00000006
CKP                               00000004
CLKI                              00000007
CLKO                              00000006
CM0                               00000000
CM1                               00000001
CM2                               00000002
CMCON                             00000FB4
CMIE                              00000006
CMIF                              00000006
CMIP                              00000006
CREN                              00000004
CS                                00000002
CSRC                              00000007
gpasm-0.13.7 beta               ps2.asm     2-25-2010  00:38:49          PAGE 13


LOC  OBJECT CODE     LINE SOURCE TEXT
  VALUE
 
CVR0                              00000000
CVR1                              00000001
CVR2                              00000002
CVR3                              00000003
CVRCON                            00000FB5
CVREF                             00000002
CVREN                             00000007
CVROE                             00000006
CVRR                              00000005
CVRSS                             00000004
D                                 00000005
DC                                00000001
DC1B0                             00000004
DC1B1                             00000005
DC2B0                             00000004
DC2B1                             00000005
DONE                              00000001
D_A                               00000005
ECCP1AS                           00000FB6
ECCPAS0                           00000004
ECCPAS1                           00000005
ECCPAS2                           00000006
ECCPASE                           00000007
EEADR                             00000FA9
EECON1                            00000FA6
EECON2                            00000FA7
EEDATA                            00000FA8
EEIE                              00000004
EEIF                              00000004
EEIP                              00000004
EEPGD                             00000007
FAST                              00000001
FERR                              00000002
FLTS                              00000002
FREE                              00000004
FSR0                              00000000
FSR0H                             00000FEA
FSR0L                             00000FE9
FSR1                              00000001
FSR1H                             00000FE2
FSR1L                             00000FE1
FSR2                              00000002
FSR2H                             00000FDA
FSR2L                             00000FD9
GCEN                              00000007
GIE                               00000007
GIEH                              00000007
GIEL                              00000006
GO                                00000001
GO_DONE                           00000001
HLVDCON                           00000FD2
HLVDEN                            00000004
HLVDIE                            00000002
HLVDIF                            00000002
gpasm-0.13.7 beta               ps2.asm     2-25-2010  00:38:49          PAGE 14


LOC  OBJECT CODE     LINE SOURCE TEXT
  VALUE
 
HLVDIP                            00000002
HLVDL0                            00000000
HLVDL1                            00000001
HLVDL2                            00000002
HLVDL3                            00000003
IBF                               00000007
IBOV                              00000005
IDLEN                             00000007
INDF0                             00000FEF
INDF1                             00000FE7
INDF2                             00000FDF
INT0                              00000000
INT0E                             00000004
INT0F                             00000001
INT0IE                            00000004
INT0IF                            00000001
INT1                              00000001
INT1E                             00000003
INT1F                             00000000
INT1IE                            00000003
INT1IF                            00000000
INT1IP                            00000006
INT1P                             00000006
INT2                              00000002
INT2E                             00000004
INT2F                             00000001
INT2IE                            00000004
INT2IF                            00000001
INT2IP                            00000007
INT2P                             00000007
INTCON                            00000FF2
INTCON2                           00000FF1
INTCON3                           00000FF0
INTEDG0                           00000006
INTEDG1                           00000005
INTEDG2                           00000004
INTSRC                            00000007
IOFS                              00000002
IPEN                              00000007
IPR1                              00000F9F
IPR2                              00000FA2
IRCF0                             00000004
IRCF1                             00000005
IRCF2                             00000006
IRVST                             00000005
IVRST                             00000005
KBI0                              00000004
KBI1                              00000005
KBI2                              00000006
KBI3                              00000007
LATA                              00000F89
LATA0                             00000000
LATA1                             00000001
LATA2                             00000002
gpasm-0.13.7 beta               ps2.asm     2-25-2010  00:38:49          PAGE 15


LOC  OBJECT CODE     LINE SOURCE TEXT
  VALUE
 
LATA3                             00000003
LATA4                             00000004
LATA5                             00000005
LATA6                             00000006
LATA7                             00000007
LATB                              00000F8A
LATB0                             00000000
LATB1                             00000001
LATB2                             00000002
LATB3                             00000003
LATB4                             00000004
LATB5                             00000005
LATB6                             00000006
LATB7                             00000007
LATC                              00000F8B
LATC0                             00000000
LATC1                             00000001
LATC2                             00000002
LATC3                             00000003
LATC4                             00000004
LATC5                             00000005
LATC6                             00000006
LATC7                             00000007
LATD                              00000F8C
LATD0                             00000000
LATD1                             00000001
LATD2                             00000002
LATD3                             00000003
LATD4                             00000004
LATD5                             00000005
LATD6                             00000006
LATD7                             00000007
LATE                              00000F8D
LATE0                             00000000
LATE1                             00000001
LATE2                             00000002
LVDCON                            00000FD2
LVDEN                             00000004
LVDIE                             00000002
LVDIF                             00000002
LVDIN                             00000005
LVDIP                             00000002
LVDL0                             00000000
LVDL1                             00000001
LVDL2                             00000002
LVDL3                             00000003
LVV0                              00000000
LVV1                              00000001
LVV2                              00000002
LVV3                              00000003
MCLR                              00000003
N                                 00000004
NOT_A                             00000005
NOT_ADDRESS                       00000005
gpasm-0.13.7 beta               ps2.asm     2-25-2010  00:38:49          PAGE 16


LOC  OBJECT CODE     LINE SOURCE TEXT
  VALUE
 
NOT_BOR                           00000000
NOT_CS                            00000002
NOT_DONE                          00000001
NOT_MCLR                          00000003
NOT_PD                            00000002
NOT_POR                           00000001
NOT_RBPU                          00000007
NOT_RD                            00000000
NOT_RI                            00000004
NOT_SS                            00000005
NOT_T1SYNC                        00000002
NOT_T3SYNC                        00000002
NOT_TO                            00000003
NOT_W                             00000002
NOT_WR                            00000001
NOT_WRITE                         00000002
OBF                               00000006
OERR                              00000001
OSC1                              00000007
OSC2                              00000006
OSCCON                            00000FD3
OSCFIE                            00000007
OSCFIF                            00000007
OSCFIP                            00000007
OSCTUNE                           00000F9B
OSTS                              00000003
OV                                00000003
P                                 00000004
P1B                               00000005
P1C                               00000006
P1D                               00000007
P1M0                              00000006
P1M1                              00000007
PC                                00000FF9
PCFG0                             00000000
PCFG1                             00000001
PCFG2                             00000002
PCFG3                             00000003
PCL                               00000FF9
PCLATH                            00000FFA
PCLATU                            00000FFB
PD                                00000002
PDC0                              00000000
PDC1                              00000001
PDC2                              00000002
PDC3                              00000003
PDC4                              00000004
PDC5                              00000005
PDC6                              00000006
PEIE                              00000006
PEN                               00000002
PGC                               00000006
PGD                               00000007
PGM                               00000005
gpasm-0.13.7 beta               ps2.asm     2-25-2010  00:38:49          PAGE 17


LOC  OBJECT CODE     LINE SOURCE TEXT
  VALUE
 
PIE1                              00000F9D
PIE2                              00000FA0
PIR1                              00000F9E
PIR2                              00000FA1
PLLEN                             00000006
PLUSW0                            00000FEB
PLUSW1                            00000FE3
PLUSW2                            00000FDB
POR                               00000001
PORTA                             00000F80
PORTADEF                          00000023
PORTADIR                          000000DC
PORTB                             00000F81
PORTBDEF                          00000000
PORTBDIR                          0000007F
PORTC                             00000F82
PORTCDEF                          00000000
PORTCDIR                          000000FF
PORTD                             00000F83
PORTE                             00000F84
PORTEDEF                          00000000
PORTEDIR                          00000017
POSTDEC0                          00000FED
POSTDEC1                          00000FE5
POSTDEC2                          00000FDD
POSTINC0                          00000FEE
POSTINC1                          00000FE6
POSTINC2                          00000FDE
PR2                               00000FCB
PREINC0                           00000FEC
PREINC1                           00000FE4
PREINC2                           00000FDC
PROD                              00000FF3
PRODH                             00000FF4
PRODL                             00000FF3
PRSEN                             00000007
PSA                               00000003
PSP0                              00000000
PSP1                              00000001
PSP2                              00000002
PSP3                              00000003
PSP4                              00000004
PSP5                              00000005
PSP6                              00000006
PSP7                              00000007
PSPIE                             00000007
PSPIF                             00000007
PSPIP                             00000007
PSPMODE                           00000004
PSSAC0                            00000002
PSSAC1                            00000003
PSSBD0                            00000000
PSSBD1                            00000001
PWM1CON                           00000FB7
gpasm-0.13.7 beta               ps2.asm     2-25-2010  00:38:49          PAGE 18


LOC  OBJECT CODE     LINE SOURCE TEXT
  VALUE
 
P_CS                              00000002
P_FOUND                           00000001
P_INT                             00000005
P_RD                              00000000
P_READY                           00000000
P_RX                              00000007
P_TX                              00000006
P_WR                              00000001
R                                 00000002
RA0                               00000000
RA1                               00000001
RA2                               00000002
RA3                               00000003
RA4                               00000004
RA5                               00000005
RA6                               00000006
RA7                               00000007
RB0                               00000000
RB1                               00000001
RB2                               00000002
RB3                               00000003
RB4                               00000004
RB5                               00000005
RB6                               00000006
RB7                               00000007
RBIE                              00000003
RBIF                              00000000
RBIP                              00000000
RBPU                              00000007
RC0                               00000000
RC1                               00000001
RC2                               00000002
RC3                               00000003
RC4                               00000004
RC5                               00000005
RC6                               00000006
RC7                               00000007
RCEN                              00000003
RCIDL                             00000006
RCIE                              00000005
RCIF                              00000005
RCIP                              00000005
RCMT                              00000006
RCON                              00000FD0
RCREG                             00000FAE
RCSTA                             00000FAB
RD                                00000000
RD0                               00000000
RD1                               00000001
RD16                              00000007
RD2                               00000002
RD3                               00000003
RD4                               00000004
RD5                               00000005
gpasm-0.13.7 beta               ps2.asm     2-25-2010  00:38:49          PAGE 19


LOC  OBJECT CODE     LINE SOURCE TEXT
  VALUE
 
RD6                               00000006
RD7                               00000007
RE0                               00000000
RE1                               00000001
RE2                               00000002
RE3                               00000003
RI                                00000004
RSEN                              00000001
RX                                00000007
RX9                               00000006
RX9D                              00000000
RXDTP                             00000005
R_W                               00000002
S                                 00000003
SBOREN                            00000006
SCK                               00000003
SCKP                              00000004
SCL                               00000003
SCS0                              00000000
SCS1                              00000001
SDA                               00000004
SDI                               00000004
SDO                               00000005
SEN                               00000000
SENDB                             00000003
SMP                               00000007
SP0                               00000000
SP1                               00000001
SP2                               00000002
SP3                               00000003
SP4                               00000004
SPBRG                             00000FAF
SPBRGH                            00000FB0
SPEN                              00000007
SREN                              00000005
SS                                00000005
SSPADD                            00000FC8
SSPBUF                            00000FC9
SSPCON1                           00000FC6
SSPCON2                           00000FC5
SSPEN                             00000005
SSPIE                             00000003
SSPIF                             00000003
SSPIP                             00000003
SSPM0                             00000000
SSPM1                             00000001
SSPM2                             00000002
SSPM3                             00000003
SSPOV                             00000006
SSPSTAT                           00000FC7
STATUS                            00000FD8
STKFUL                            00000007
STKOVF                            00000007
STKPTR                            00000FFC
gpasm-0.13.7 beta               ps2.asm     2-25-2010  00:38:49          PAGE 20


LOC  OBJECT CODE     LINE SOURCE TEXT
  VALUE
 
STKUNF                            00000006
SWDTE                             00000000
SWDTEN                            00000000
SYNC                              00000004
T08BIT                            00000006
T0CKI                             00000004
T0CON                             00000FD5
T0CS                              00000005
T0IE                              00000005
T0IF                              00000002
T0PS0                             00000000
T0PS1                             00000001
T0PS2                             00000002
T0SE                              00000004
T13CKI                            00000000
T1CKI                             00000000
T1CKPS0                           00000004
T1CKPS1                           00000005
T1CON                             00000FCD
T1OSCEN                           00000003
T1OSI                             00000001
T1OSO                             00000000
T1RUN                             00000006
T1SYNC                            00000002
T2CKPS0                           00000000
T2CKPS1                           00000001
T2CON                             00000FCA
T2OUTPS0                          00000003
T2OUTPS1                          00000004
T2OUTPS2                          00000005
T2OUTPS3                          00000006
T3CCP1                            00000003
T3CCP2                            00000006
T3CKPS0                           00000004
T3CKPS1                           00000005
T3CON                             00000FB1
T3SYNC                            00000002
TABLAT                            00000FF5
TBLPTR                            00000FF6
TBLPTRH                           00000FF7
TBLPTRL                           00000FF6
TBLPTRU                           00000FF8
TMR0H                             00000FD7
TMR0IE                            00000005
TMR0IF                            00000002
TMR0IP                            00000002
TMR0L                             00000FD6
TMR0ON                            00000007
TMR1CS                            00000001
TMR1H                             00000FCF
TMR1IE                            00000000
TMR1IF                            00000000
TMR1IP                            00000000
TMR1L                             00000FCE
gpasm-0.13.7 beta               ps2.asm     2-25-2010  00:38:49          PAGE 21


LOC  OBJECT CODE     LINE SOURCE TEXT
  VALUE
 
TMR1ON                            00000000
TMR2                              00000FCC
TMR2IE                            00000001
TMR2IF                            00000001
TMR2IP                            00000001
TMR2ON                            00000002
TMR3CS                            00000001
TMR3H                             00000FB3
TMR3IE                            00000001
TMR3IF                            00000001
TMR3IP                            00000001
TMR3L                             00000FB2
TMR3ON                            00000000
TO                                00000003
TOS                               00000FFD
TOSH                              00000FFE
TOSL                              00000FFD
TOSU                              00000FFF
TRISA                             00000F92
TRISA0                            00000000
TRISA1                            00000001
TRISA2                            00000002
TRISA3                            00000003
TRISA4                            00000004
TRISA5                            00000005
TRISA6                            00000006
TRISA7                            00000007
TRISB                             00000F93
TRISB0                            00000000
TRISB1                            00000001
TRISB2                            00000002
TRISB3                            00000003
TRISB4                            00000004
TRISB5                            00000005
TRISB6                            00000006
TRISB7                            00000007
TRISC                             00000F94
TRISC0                            00000000
TRISC1                            00000001
TRISC2                            00000002
TRISC3                            00000003
TRISC4                            00000004
TRISC5                            00000005
TRISC6                            00000006
TRISC7                            00000007
TRISD                             00000F95
TRISD0                            00000000
TRISD1                            00000001
TRISD2                            00000002
TRISD3                            00000003
TRISD4                            00000004
TRISD5                            00000005
TRISD6                            00000006
TRISD7                            00000007
gpasm-0.13.7 beta               ps2.asm     2-25-2010  00:38:49          PAGE 22


LOC  OBJECT CODE     LINE SOURCE TEXT
  VALUE
 
TRISE                             00000F96
TRISE0                            00000000
TRISE1                            00000001
TRISE2                            00000002
TRMT                              00000001
TUN0                              00000000
TUN1                              00000001
TUN2                              00000002
TUN3                              00000003
TUN4                              00000004
TX                                00000006
TX9                               00000006
TX9D                              00000000
TXCKP                             00000004
TXEN                              00000005
TXIE                              00000004
TXIF                              00000004
TXIP                              00000004
TXREG                             00000FAD
TXSTA                             00000FAC
UA                                00000001
VCFG0                             00000004
VCFG1                             00000005
VDIRMAG                           00000007
VPP                               00000003
VREFN                             00000002
VREFP                             00000003
W                                 00000000
WCOL                              00000007
WDTCON                            00000FD1
WR                                00000001
WREG                              00000FE8
WREN                              00000002
WRERR                             00000003
WUE                               00000001
Z                                 00000002
_BOREN_NOSLP_2L                   000000FD
_BOREN_OFF_2L                     000000F9
_BOREN_ON_2L                      000000FB
_BOREN_SBORDIS_2L                 000000FF
_BORV_0_2L                        000000E7
_BORV_1_2L                        000000EF
_BORV_2_2L                        000000F7
_BORV_3_2L                        000000FF
_CCP2MX_PORTBE_3H                 000000FE
_CCP2MX_PORTC_3H                  000000FF
_CONFIG1H                         00300001
_CONFIG2H                         00300003
_CONFIG2L                         00300002
_CONFIG3H                         00300005
_CONFIG4L                         00300006
_CONFIG5H                         00300009
_CONFIG5L                         00300008
_CONFIG6H                         0030000B
gpasm-0.13.7 beta               ps2.asm     2-25-2010  00:38:49          PAGE 23


LOC  OBJECT CODE     LINE SOURCE TEXT
  VALUE
 
_CONFIG6L                         0030000A
_CONFIG7H                         0030000D
_CONFIG7L                         0030000C
_CP0_OFF_5L                       000000FF
_CP0_ON_5L                        000000FE
_CP1_OFF_5L                       000000FF
_CP1_ON_5L                        000000FD
_CP2_OFF_5L                       000000FF
_CP2_ON_5L                        000000FB
_CP3_OFF_5L                       000000FF
_CP3_ON_5L                        000000F7
_CPB_OFF_5H                       000000FF
_CPB_ON_5H                        000000BF
_CPD_OFF_5H                       000000FF
_CPD_ON_5H                        0000007F
_DEBUG_OFF_4L                     000000FF
_DEBUG_ON_4L                      0000007F
_DEVID1                           003FFFFE
_DEVID2                           003FFFFF
_EBTR0_OFF_7L                     000000FF
_EBTR0_ON_7L                      000000FE
_EBTR1_OFF_7L                     000000FF
_EBTR1_ON_7L                      000000FD
_EBTR2_OFF_7L                     000000FF
_EBTR2_ON_7L                      000000FB
_EBTR3_OFF_7L                     000000FF
_EBTR3_ON_7L                      000000F7
_EBTRB_OFF_7H                     000000FF
_EBTRB_ON_7H                      000000BF
_FCMEN_OFF_1H                     000000BF
_FCMEN_ON_1H                      000000FF
_IDLOC0                           00200000
_IDLOC1                           00200001
_IDLOC2                           00200002
_IDLOC3                           00200003
_IDLOC4                           00200004
_IDLOC5                           00200005
_IDLOC6                           00200006
_IDLOC7                           00200007
_IESO_OFF_1H                      0000007F
_IESO_ON_1H                       000000FF
_LPT1OSC_OFF_3H                   000000FB
_LPT1OSC_ON_3H                    000000FF
_LVP_OFF_4L                       000000FB
_LVP_ON_4L                        000000FF
_MCLRE_OFF_3H                     0000007F
_MCLRE_ON_3H                      000000FF
_OSC_ECIO6_1H                     000000F5
_OSC_EC_1H                        000000F4
_OSC_HSPLL_1H                     000000F6
_OSC_HS_1H                        000000F2
_OSC_INTIO67_1H                   000000F8
_OSC_INTIO7_1H                    000000F9
_OSC_LP_1H                        000000F0
gpasm-0.13.7 beta               ps2.asm     2-25-2010  00:38:49          PAGE 24


LOC  OBJECT CODE     LINE SOURCE TEXT
  VALUE
 
_OSC_RCIO6_1H                     000000F7
_OSC_RC_1H                        000000F3
_OSC_XT_1H                        000000F1
_PBADEN_OFF_3H                    000000FD
_PBADEN_ON_3H                     000000FF
_PWRT_OFF_2L                      000000FF
_PWRT_ON_2L                       000000FE
_STVREN_OFF_4L                    000000FE
_STVREN_ON_4L                     000000FF
_WDTPS_1024_2H                    000000F5
_WDTPS_128_2H                     000000EF
_WDTPS_16384_2H                   000000FD
_WDTPS_16_2H                      000000E9
_WDTPS_1_2H                       000000E1
_WDTPS_2048_2H                    000000F7
_WDTPS_256_2H                     000000F1
_WDTPS_2_2H                       000000E3
_WDTPS_32768_2H                   000000FF
_WDTPS_32_2H                      000000EB
_WDTPS_4096_2H                    000000F9
_WDTPS_4_2H                       000000E5
_WDTPS_512_2H                     000000F3
_WDTPS_64_2H                      000000ED
_WDTPS_8192_2H                    000000FB
_WDTPS_8_2H                       000000E7
_WDT_OFF_2H                       000000FE
_WDT_ON_2H                        000000FF
_WRT0_OFF_6L                      000000FF
_WRT0_ON_6L                       000000FE
_WRT1_OFF_6L                      000000FF
_WRT1_ON_6L                       000000FD
_WRT2_OFF_6L                      000000FF
_WRT2_ON_6L                       000000FB
_WRT3_OFF_6L                      000000FF
_WRT3_ON_6L                       000000F7
_WRTB_OFF_6H                      000000FF
_WRTB_ON_6H                       000000BF
_WRTC_OFF_6H                      000000FF
_WRTC_ON_6H                       000000DF
_WRTD_OFF_6H                      000000FF
_WRTD_ON_6H                       0000007F
_XINST_OFF_4L                     000000BF
_XINST_ON_4L                      000000FF
__18F4520                         00000001
ack_flag                          00000000
bit_count                         00000000
caps_flag                         00000002
count                             00000009
edge_event_ack                    00000118
edge_event_ack_error              00000128
edge_event_exit                   00000136
edge_event_parity                 00000106
edge_event_send_bit               000000D4
edge_event_send_stop              000000F8
gpasm-0.13.7 beta               ps2.asm     2-25-2010  00:38:49          PAGE 25


LOC  OBJECT CODE     LINE SOURCE TEXT
  VALUE
 
edge_event_start                  000000FE
edge_event_stop                   000000E6
flags                             00000007
hostbus_push                      00000000
num_flag                          00000001
parity                            0000000C
parity_flag                       00000000
pause_flag                        00000002
ps2_edge_int                      000000AA
ps2_init                          00000000
ps2_keyboard_init                 0000002A
ps2_keyboard_init_done            00000050
ps2_keyboard_wait                 00000032
ps2_queue_send                    0000013E
ps2_queue_send_loop               0000014A
ps2_queue_send_save_here          00000150
ps2_send_bytes                    0000015C
ps2_send_bytes_resend             00000164
ps2_send_bytes_wait               00000170
ps2_send_count                    00000006
ps2_send_ptr_temp                 00000004
ps2_send_val_temp                 00000003
ps2_start_talking                 0000018C
ps2_timeout_reg                   00000005
ps2_timer_int                     00000068
ps2_wait_to_talk                  00000184
release_flag                      00000004
resend_flag                       00000001
rxreg                             00000002
scroll_flag                       00000000
send_command_release_flag         00000004
send_failed_flag                  00000006
send_release_flag                 00000003
shift_flag                        00000003
special_flag                      00000007
talking_flag                      00000005
timeout_start_talking             0000008E
timeout_talking                   00000078
timeout_wait_loop                 00000096
translate_key                     00000000
txflags                           00000008
txreg                             00000001
DDRA                              TRISA
DDRB                              TRISB
DDRC                              TRISC
DDRD                              TRISD
DDRE                              TRISE


Errors   :       0
Warnings :       0 reported,       0 suppressed
Messages :       0 reported,       0 suppressed

